[20-Jun-2018 04:16:22 UTC] PHP Fatal error:  Uncaught Magento\Framework\Exception\FileSystemException: The file "/var/www/html/final/generated/code/Magento/Framework/Config/Composer/PackageFactory.php" cannot be deleted Warning!unlink(/var/www/html/final/generated/code/Magento/Framework/Config/Composer/PackageFactory.php): Permission denied in /var/www/html/final/vendor/magento/framework/Filesystem/Driver/File.php:382
Stack trace:
#0 /var/www/html/final/vendor/magento/framework/Filesystem/Driver/File.php(405): Magento\Framework\Filesystem\Driver\File->deleteFile('/var/www/html/f...')
#1 /var/www/html/final/vendor/magento/framework/Filesystem/Driver/File.php(403): Magento\Framework\Filesystem\Driver\File->deleteDirectory('/var/www/html/f...')
#2 /var/www/html/final/vendor/magento/framework/Filesystem/Driver/File.php(403): Magento\Framework\Filesystem\Driver\File->deleteDirectory('/var/www/html/f...')
#3 /var/www/html/final/vendor/magento/framework/Filesystem/Driver/File.php(403): Magento\Framework\Filesystem\Driver\File->deleteDirectory('/var/www/html/f. in /var/www/html/final/vendor/magento/framework/Filesystem/Driver/File.php on line 382
[20-Jun-2018 04:16:24 UTC] PHP Fatal error:  Uncaught Magento\Framework\Exception\FileSystemException: The file "/var/www/html/final/generated/code/Magento/Framework/Config/Composer/PackageFactory.php" cannot be deleted Warning!unlink(/var/www/html/final/generated/code/Magento/Framework/Config/Composer/PackageFactory.php): Permission denied in /var/www/html/final/vendor/magento/framework/Filesystem/Driver/File.php:382
Stack trace:
#0 /var/www/html/final/vendor/magento/framework/Filesystem/Driver/File.php(405): Magento\Framework\Filesystem\Driver\File->deleteFile('/var/www/html/f...')
#1 /var/www/html/final/vendor/magento/framework/Filesystem/Driver/File.php(403): Magento\Framework\Filesystem\Driver\File->deleteDirectory('/var/www/html/f...')
#2 /var/www/html/final/vendor/magento/framework/Filesystem/Driver/File.php(403): Magento\Framework\Filesystem\Driver\File->deleteDirectory('/var/www/html/f...')
#3 /var/www/html/final/vendor/magento/framework/Filesystem/Driver/File.php(403): Magento\Framework\Filesystem\Driver\File->deleteDirectory('/var/www/html/f. in /var/www/html/final/vendor/magento/framework/Filesystem/Driver/File.php on line 382
[20-Jun-2018 04:16:29 UTC] PHP Fatal error:  Uncaught Magento\Framework\Exception\FileSystemException: The file "/var/www/html/final/generated/code/Magento/Framework/Config/Composer/PackageFactory.php" cannot be deleted Warning!unlink(/var/www/html/final/generated/code/Magento/Framework/Config/Composer/PackageFactory.php): Permission denied in /var/www/html/final/vendor/magento/framework/Filesystem/Driver/File.php:382
Stack trace:
#0 /var/www/html/final/vendor/magento/framework/Filesystem/Driver/File.php(405): Magento\Framework\Filesystem\Driver\File->deleteFile('/var/www/html/f...')
#1 /var/www/html/final/vendor/magento/framework/Filesystem/Driver/File.php(403): Magento\Framework\Filesystem\Driver\File->deleteDirectory('/var/www/html/f...')
#2 /var/www/html/final/vendor/magento/framework/Filesystem/Driver/File.php(403): Magento\Framework\Filesystem\Driver\File->deleteDirectory('/var/www/html/f...')
#3 /var/www/html/final/vendor/magento/framework/Filesystem/Driver/File.php(403): Magento\Framework\Filesystem\Driver\File->deleteDirectory('/var/www/html/f. in /var/www/html/final/vendor/magento/framework/Filesystem/Driver/File.php on line 382
[20-Jun-2018 04:20:52 UTC] PHP Fatal error:  Uncaught RuntimeException: Can't create directory /var/www/html/final/generated/code/Magento/Framework/App/ResourceConnection/. in [Magento\Framework\App\ResourceConnection\Proxy] in /var/www/html/final/vendor/magento/framework/Code/Generator.php:115
Stack trace:
#0 /var/www/html/final/vendor/magento/framework/Code/Generator/Autoloader.php(35): Magento\Framework\Code\Generator->generateClass('Magento\\Framewo...')
#1 [internal function]: Magento\Framework\Code\Generator\Autoloader->load('Magento\\Framewo...')
#2 [internal function]: spl_autoload_call('Magento\\Framewo...')
#3 /var/www/html/final/vendor/magento/framework/Code/Reader/ClassReader.php(19): ReflectionClass->__construct('Magento\\Framewo...')
#4 /var/www/html/final/vendor/magento/framework/ObjectManager/Definition/Runtime.php(44): Magento\Framework\Code\Reader\ClassReader->getConstructor('Magento\\Framewo...')
#5 /var/www/html/final/vendor/magento/framework/ObjectManager/Factory/Dynamic/Developer.php(48): Magento\Framework\ObjectManager\Definition\ in /var/www/html/final/vendor/magento/framework/Code/Generator.php on line 115
[20-Jun-2018 04:49:03 UTC] PHP Fatal error:  Uncaught Zend_Cache_Exception: cache_dir "/var/www/html/final/var/page_cache" is not writable in /var/www/html/final/vendor/magento/zendframework1/library/Zend/Cache.php:209
Stack trace:
#0 /var/www/html/final/vendor/magento/zendframework1/library/Zend/Cache/Backend/File.php(180): Zend_Cache::throwException('cache_dir "/var...')
#1 /var/www/html/final/vendor/colinmollenhour/cache-backend-file/File.php(87): Zend_Cache_Backend_File->setCacheDir('/var/www/html/f...')
#2 /var/www/html/final/vendor/magento/zendframework1/library/Zend/Cache.php(153): Cm_Cache_Backend_File->__construct(Array)
#3 /var/www/html/final/vendor/magento/zendframework1/library/Zend/Cache.php(94): Zend_Cache::_makeBackend('Cm_Cache_Backen...', Array, true, true)
#4 /var/www/html/final/vendor/magento/framework/App/Cache/Frontend/Factory.php(158): Zend_Cache::factory('Magento\\Framewo...', 'Cm_Cache_Backen...', Array, Array, true, true, true)
#5 /var/www/html/final/vendor/magento/framework/App/Cache/Frontend/Pool.php(67): Magento\Framework\App in /var/www/html/final/vendor/magento/zendframework1/library/Zend/Cache.php on line 209
[20-Jun-2018 06:01:52 UTC] PHP Fatal error:  Uncaught RuntimeException: Can't create directory /var/www/html/final/generated/code/Magento/Framework/App/ResourceConnection/. in [Magento\Framework\App\ResourceConnection\Proxy] in /var/www/html/final/vendor/magento/framework/Code/Generator.php:115
Stack trace:
#0 /var/www/html/final/vendor/magento/framework/Code/Generator/Autoloader.php(35): Magento\Framework\Code\Generator->generateClass('Magento\\Framewo...')
#1 [internal function]: Magento\Framework\Code\Generator\Autoloader->load('Magento\\Framewo...')
#2 [internal function]: spl_autoload_call('Magento\\Framewo...')
#3 /var/www/html/final/vendor/magento/framework/Code/Reader/ClassReader.php(19): ReflectionClass->__construct('Magento\\Framewo...')
#4 /var/www/html/final/vendor/magento/framework/ObjectManager/Definition/Runtime.php(44): Magento\Framework\Code\Reader\ClassReader->getConstructor('Magento\\Framewo...')
#5 /var/www/html/final/vendor/magento/framework/ObjectManager/Factory/Dynamic/Developer.php(48): Magento\Framework\ObjectManager\Definition\ in /var/www/html/final/vendor/magento/framework/Code/Generator.php on line 115
[22-Jun-2018 05:00:16 UTC] PHP Fatal error:  Uncaught Zend_Cache_Exception: cache_dir "/var/www/html/final/var/cache/" is not writable in /var/www/html/final/vendor/magento/zendframework1/library/Zend/Cache.php:209
Stack trace:
#0 /var/www/html/final/vendor/magento/zendframework1/library/Zend/Cache/Backend/File.php(180): Zend_Cache::throwException('cache_dir "/var...')
#1 /var/www/html/final/vendor/colinmollenhour/cache-backend-file/File.php(87): Zend_Cache_Backend_File->setCacheDir('/var/www/html/f...')
#2 /var/www/html/final/vendor/magento/zendframework1/library/Zend/Cache.php(153): Cm_Cache_Backend_File->__construct(Array)
#3 /var/www/html/final/vendor/magento/zendframework1/library/Zend/Cache.php(94): Zend_Cache::_makeBackend('Cm_Cache_Backen...', Array, true, true)
#4 /var/www/html/final/vendor/magento/framework/App/Cache/Frontend/Factory.php(158): Zend_Cache::factory('Magento\\Framewo...', 'Cm_Cache_Backen...', Array, Array, true, true, true)
#5 /var/www/html/final/vendor/magento/framework/App/Cache/Frontend/Pool.php(67): Magento\Framework\App\Cac in /var/www/html/final/vendor/magento/zendframework1/library/Zend/Cache.php on line 209
[26-Jun-2018 07:40:01 UTC] PHP Fatal error:  Uncaught RuntimeException: Can't create directory /var/www/html/final/generated/code/Magento/Framework/App/ResourceConnection/. in [Magento\Framework\App\ResourceConnection\Proxy] in /var/www/html/final/vendor/magento/framework/Code/Generator.php:115
Stack trace:
#0 /var/www/html/final/vendor/magento/framework/Code/Generator/Autoloader.php(35): Magento\Framework\Code\Generator->generateClass('Magento\\Framewo...')
#1 [internal function]: Magento\Framework\Code\Generator\Autoloader->load('Magento\\Framewo...')
#2 [internal function]: spl_autoload_call('Magento\\Framewo...')
#3 /var/www/html/final/vendor/magento/framework/Code/Reader/ClassReader.php(19): ReflectionClass->__construct('Magento\\Framewo...')
#4 /var/www/html/final/vendor/magento/framework/ObjectManager/Definition/Runtime.php(44): Magento\Framework\Code\Reader\ClassReader->getConstructor('Magento\\Framewo...')
#5 /var/www/html/final/vendor/magento/framework/ObjectManager/Factory/Dynamic/Developer.php(48): Magento\Framework\ObjectManager\Definition\ in /var/www/html/final/vendor/magento/framework/Code/Generator.php on line 115
[27-Jun-2018 02:31:19 UTC] PHP Fatal error:  Uncaught RuntimeException: Can't create directory /var/www/html/final/generated/code/Magento/Catalog/Model/ResourceModel/Product/. in [Magento\Catalog\Model\ResourceModel\Product\CollectionFactory] in /var/www/html/final/vendor/magento/framework/Code/Generator.php:115
Stack trace:
#0 /var/www/html/final/vendor/magento/framework/Code/Generator/Autoloader.php(35): Magento\Framework\Code\Generator->generateClass('Magento\\Catalog...')
#1 [internal function]: Magento\Framework\Code\Generator\Autoloader->load('Magento\\Catalog...')
#2 [internal function]: spl_autoload_call('Magento\\Catalog...')
#3 /var/www/html/final/vendor/magento/framework/ObjectManager/Relations/Runtime.php(38): class_exists('Magento\\Catalog...')
#4 /var/www/html/final/vendor/magento/framework/Interception/Config/Config.php(166): Magento\Framework\ObjectManager\Relations\Runtime->has('Magento\\Catalog...')
#5 /var/www/html/final/vendor/magento/framework/Interception/Config/Config.php(160): Magento\Framework\Interception\Config\Config->_inheri in /var/www/html/final/vendor/magento/framework/Code/Generator.php on line 115
[28-Jun-2018 08:07:04 UTC] PHP Fatal error:  Uncaught TypeError: Argument 1 passed to Ho\Templatehints\Plugin\View\LayoutPlugin::getBlockInfo() must be an instance of Magento\Framework\View\Element\AbstractBlock, boolean given, called in /var/www/html/final/vendor/honl/magento2-templatehints/Plugin/View/LayoutPlugin.php on line 100 and defined in /var/www/html/final/vendor/honl/magento2-templatehints/Plugin/View/LayoutPlugin.php:167
Stack trace:
#0 /var/www/html/final/vendor/honl/magento2-templatehints/Plugin/View/LayoutPlugin.php(100): Ho\Templatehints\Plugin\View\LayoutPlugin->getBlockInfo(false)
#1 /var/www/html/final/vendor/honl/magento2-templatehints/Plugin/View/LayoutPlugin.php(75): Ho\Templatehints\Plugin\View\LayoutPlugin->_decorateElement('<div style="dis...', 'helloworld')
#2 /var/www/html/final/vendor/magento/framework/Interception/Interceptor.php(135): Ho\Templatehints\Plugin\View\LayoutPlugin->aroundRenderElement(Object(Magento\Framework\View\Layout\Interceptor), Object(Closure), 'helloworld')
#3 /var/www/html/final/vendor/magento/framework in /var/www/html/final/vendor/honl/magento2-templatehints/Plugin/View/LayoutPlugin.php on line 167
[28-Jun-2018 08:07:26 UTC] PHP Fatal error:  Uncaught TypeError: Argument 1 passed to Ho\Templatehints\Plugin\View\LayoutPlugin::getBlockInfo() must be an instance of Magento\Framework\View\Element\AbstractBlock, boolean given, called in /var/www/html/final/vendor/honl/magento2-templatehints/Plugin/View/LayoutPlugin.php on line 100 and defined in /var/www/html/final/vendor/honl/magento2-templatehints/Plugin/View/LayoutPlugin.php:167
Stack trace:
#0 /var/www/html/final/vendor/honl/magento2-templatehints/Plugin/View/LayoutPlugin.php(100): Ho\Templatehints\Plugin\View\LayoutPlugin->getBlockInfo(false)
#1 /var/www/html/final/vendor/honl/magento2-templatehints/Plugin/View/LayoutPlugin.php(75): Ho\Templatehints\Plugin\View\LayoutPlugin->_decorateElement('<div style="dis...', 'helloworld')
#2 /var/www/html/final/vendor/magento/framework/Interception/Interceptor.php(135): Ho\Templatehints\Plugin\View\LayoutPlugin->aroundRenderElement(Object(Magento\Framework\View\Layout\Interceptor), Object(Closure), 'helloworld')
#3 /var/www/html/final/vendor/magento/framework in /var/www/html/final/vendor/honl/magento2-templatehints/Plugin/View/LayoutPlugin.php on line 167
[28-Jun-2018 08:08:33 UTC] PHP Fatal error:  Uncaught TypeError: Argument 1 passed to Ho\Templatehints\Plugin\View\LayoutPlugin::getBlockInfo() must be an instance of Magento\Framework\View\Element\AbstractBlock, boolean given, called in /var/www/html/final/vendor/honl/magento2-templatehints/Plugin/View/LayoutPlugin.php on line 100 and defined in /var/www/html/final/vendor/honl/magento2-templatehints/Plugin/View/LayoutPlugin.php:167
Stack trace:
#0 /var/www/html/final/vendor/honl/magento2-templatehints/Plugin/View/LayoutPlugin.php(100): Ho\Templatehints\Plugin\View\LayoutPlugin->getBlockInfo(false)
#1 /var/www/html/final/vendor/honl/magento2-templatehints/Plugin/View/LayoutPlugin.php(75): Ho\Templatehints\Plugin\View\LayoutPlugin->_decorateElement('<div style="dis...', 'helloworld')
#2 /var/www/html/final/vendor/magento/framework/Interception/Interceptor.php(135): Ho\Templatehints\Plugin\View\LayoutPlugin->aroundRenderElement(Object(Magento\Framework\View\Layout\Interceptor), Object(Closure), 'helloworld')
#3 /var/www/html/final/vendor/magento/framework in /var/www/html/final/vendor/honl/magento2-templatehints/Plugin/View/LayoutPlugin.php on line 167
[28-Jun-2018 08:09:11 UTC] PHP Fatal error:  Uncaught TypeError: Argument 1 passed to Ho\Templatehints\Plugin\View\LayoutPlugin::getBlockInfo() must be an instance of Magento\Framework\View\Element\AbstractBlock, boolean given, called in /var/www/html/final/vendor/honl/magento2-templatehints/Plugin/View/LayoutPlugin.php on line 100 and defined in /var/www/html/final/vendor/honl/magento2-templatehints/Plugin/View/LayoutPlugin.php:167
Stack trace:
#0 /var/www/html/final/vendor/honl/magento2-templatehints/Plugin/View/LayoutPlugin.php(100): Ho\Templatehints\Plugin\View\LayoutPlugin->getBlockInfo(false)
#1 /var/www/html/final/vendor/honl/magento2-templatehints/Plugin/View/LayoutPlugin.php(75): Ho\Templatehints\Plugin\View\LayoutPlugin->_decorateElement('<div style="dis...', 'helloworld')
#2 /var/www/html/final/vendor/magento/framework/Interception/Interceptor.php(135): Ho\Templatehints\Plugin\View\LayoutPlugin->aroundRenderElement(Object(Magento\Framework\View\Layout\Interceptor), Object(Closure), 'helloworld')
#3 /var/www/html/final/vendor/magento/framework in /var/www/html/final/vendor/honl/magento2-templatehints/Plugin/View/LayoutPlugin.php on line 167
[28-Jun-2018 08:10:15 UTC] PHP Fatal error:  Uncaught TypeError: Argument 1 passed to Ho\Templatehints\Plugin\View\LayoutPlugin::getBlockInfo() must be an instance of Magento\Framework\View\Element\AbstractBlock, boolean given, called in /var/www/html/final/vendor/honl/magento2-templatehints/Plugin/View/LayoutPlugin.php on line 100 and defined in /var/www/html/final/vendor/honl/magento2-templatehints/Plugin/View/LayoutPlugin.php:167
Stack trace:
#0 /var/www/html/final/vendor/honl/magento2-templatehints/Plugin/View/LayoutPlugin.php(100): Ho\Templatehints\Plugin\View\LayoutPlugin->getBlockInfo(false)
#1 /var/www/html/final/vendor/honl/magento2-templatehints/Plugin/View/LayoutPlugin.php(75): Ho\Templatehints\Plugin\View\LayoutPlugin->_decorateElement('<div style="dis...', 'helloworld')
#2 /var/www/html/final/vendor/magento/framework/Interception/Interceptor.php(135): Ho\Templatehints\Plugin\View\LayoutPlugin->aroundRenderElement(Object(Magento\Framework\View\Layout\Interceptor), Object(Closure), 'helloworld')
#3 /var/www/html/final/vendor/magento/framework in /var/www/html/final/vendor/honl/magento2-templatehints/Plugin/View/LayoutPlugin.php on line 167
[28-Jun-2018 08:23:55 UTC] PHP Parse error:  syntax error, unexpected 'jpg’' (T_STRING), expecting ',' or ')' in /var/www/html/final/app/code/OpenCert/Hello/view/frontend/templates/helloworld.phtml on line 7
[29-Jun-2018 08:49:06 UTC] PHP Fatal error:  Uncaught Zend_Cache_Exception: cache_dir "/var/www/html/final/var/cache/" is not writable in /var/www/html/final/vendor/magento/zendframework1/library/Zend/Cache.php:209
Stack trace:
#0 /var/www/html/final/vendor/magento/zendframework1/library/Zend/Cache/Backend/File.php(180): Zend_Cache::throwException('cache_dir "/var...')
#1 /var/www/html/final/vendor/colinmollenhour/cache-backend-file/File.php(87): Zend_Cache_Backend_File->setCacheDir('/var/www/html/f...')
#2 /var/www/html/final/vendor/magento/zendframework1/library/Zend/Cache.php(153): Cm_Cache_Backend_File->__construct(Array)
#3 /var/www/html/final/vendor/magento/zendframework1/library/Zend/Cache.php(94): Zend_Cache::_makeBackend('Cm_Cache_Backen...', Array, true, true)
#4 /var/www/html/final/vendor/magento/framework/App/Cache/Frontend/Factory.php(158): Zend_Cache::factory('Magento\\Framewo...', 'Cm_Cache_Backen...', Array, Array, true, true, true)
#5 /var/www/html/final/vendor/magento/framework/App/Cache/Frontend/Pool.php(67): Magento\Framework\App\Cac in /var/www/html/final/vendor/magento/zendframework1/library/Zend/Cache.php on line 209
[02-Jul-2018 03:01:04 UTC] PHP Fatal error:  Uncaught RuntimeException: Can't create directory /var/www/html/final/generated/code/Magento/Framework/App/ResourceConnection/. in [Magento\Framework\App\ResourceConnection\Proxy] in /var/www/html/final/vendor/magento/framework/Code/Generator.php:115
Stack trace:
#0 /var/www/html/final/vendor/magento/framework/Code/Generator/Autoloader.php(35): Magento\Framework\Code\Generator->generateClass('Magento\\Framewo...')
#1 [internal function]: Magento\Framework\Code\Generator\Autoloader->load('Magento\\Framewo...')
#2 [internal function]: spl_autoload_call('Magento\\Framewo...')
#3 /var/www/html/final/vendor/magento/framework/Code/Reader/ClassReader.php(19): ReflectionClass->__construct('Magento\\Framewo...')
#4 /var/www/html/final/vendor/magento/framework/ObjectManager/Definition/Runtime.php(44): Magento\Framework\Code\Reader\ClassReader->getConstructor('Magento\\Framewo...')
#5 /var/www/html/final/vendor/magento/framework/ObjectManager/Factory/Dynamic/Developer.php(48): Magento\Framework\ObjectManager\Definition\ in /var/www/html/final/vendor/magento/framework/Code/Generator.php on line 115
[02-Jul-2018 03:01:49 UTC] PHP Fatal error:  Namespace declaration statement has to be the very first statement or after any declare call in the script in /var/www/html/final/app/code/DebugTraceModule/DTrace/Controller/index/index.php on line 2
[02-Jul-2018 03:03:12 UTC] PHP Fatal error:  Namespace declaration statement has to be the very first statement or after any declare call in the script in /var/www/html/final/app/code/DebugTraceModule/DTrace/Controller/index/index.php on line 3
[02-Jul-2018 03:05:06 UTC] PHP Fatal error:  Namespace declaration statement has to be the very first statement or after any declare call in the script in /var/www/html/final/app/code/DebugTraceModule/DTrace/Controller/index/index.php on line 3
[02-Jul-2018 03:09:59 UTC] PHP Fatal error:  Namespace declaration statement has to be the very first statement or after any declare call in the script in /var/www/html/final/app/code/DebugTraceModule/DTrace/Controller/index/index.php on line 3
[02-Jul-2018 03:10:09 UTC] PHP Fatal error:  Namespace declaration statement has to be the very first statement or after any declare call in the script in /var/www/html/final/app/code/DebugTraceModule/DTrace/Controller/index/index.php on line 4
[02-Jul-2018 03:11:30 UTC] PHP Fatal error:  Namespace declaration statement has to be the very first statement or after any declare call in the script in /var/www/html/final/app/code/DebugTraceModule/DTrace/Controller/index/index.php on line 3
[02-Jul-2018 03:34:57 UTC] PHP Parse error:  syntax error, unexpected 'DEBUG_BACKTRACE_IGNORE_ARGS' (T_STRING), expecting ',' or ')' in /var/www/html/final/app/code/OpenCert/Hello/Controller/Index/Index.php on line 24
[02-Jul-2018 03:36:17 UTC] PHP Parse error:  syntax error, unexpected 'DEBUG_BACKTRACE_IGNORE_ARGS' (T_STRING), expecting ',' or ')' in /var/www/html/final/app/code/OpenCert/Hello/Controller/Index/Index.php on line 23
[02-Jul-2018 03:38:01 UTC] PHP Parse error:  syntax error, unexpected 'DEBUG_BACKTRACE_IGNORE_ARGS' (T_STRING), expecting ',' or ')' in /var/www/html/final/app/code/OpenCert/Hello/Controller/Index/Index.php on line 23
[02-Jul-2018 03:42:48 UTC] PHP Parse error:  syntax error, unexpected 'DEBUG_BACKTRACE_IGNORE_ARGS' (T_STRING), expecting ',' or ')' in /var/www/html/final/app/code/OpenCert/Hello/Controller/Index/Index.php on line 23
[02-Jul-2018 03:45:16 UTC] PHP Parse error:  syntax error, unexpected 'DEBUG_BACKTRACE_IGNORE_ARGS' (T_STRING), expecting ',' or ')' in /var/www/html/final/app/code/OpenCert/Hello/Controller/Index/Index.php on line 23
[02-Jul-2018 03:55:15 UTC] PHP Fatal error:  Namespace declaration statement has to be the very first statement or after any declare call in the script in /var/www/html/final/app/code/DebugTraceModule/DTrace/Controller/Index/Index.php on line 3
[02-Jul-2018 03:59:04 UTC] PHP Fatal error:  Namespace declaration statement has to be the very first statement or after any declare call in the script in /var/www/html/final/app/code/DebugTraceModule/DTrace/Controller/Index/Index.php on line 3
[02-Jul-2018 04:00:37 UTC] PHP Fatal error:  Namespace declaration statement has to be the very first statement or after any declare call in the script in /var/www/html/final/app/code/DebugTraceModule/DTrace/Controller/Index/Index.php on line 3
[02-Jul-2018 04:06:33 UTC] PHP Fatal error:  Namespace declaration statement has to be the very first statement or after any declare call in the script in /var/www/html/final/app/code/DebugTraceModule/DTrace/Controller/Index/Index.php on line 3
[02-Jul-2018 04:10:52 UTC] PHP Fatal error:  Namespace declaration statement has to be the very first statement or after any declare call in the script in /var/www/html/final/app/code/DebugTraceModule/DTrace/Controller/Index/Index.php on line 3
[02-Jul-2018 04:10:53 UTC] PHP Fatal error:  Namespace declaration statement has to be the very first statement or after any declare call in the script in /var/www/html/final/app/code/DebugTraceModule/DTrace/Controller/Index/Index.php on line 3
[02-Jul-2018 09:50:24 UTC] PHP Fatal error:  Uncaught Error: Call to a member function getParentItem() on null in /var/www/html/final/app/code/DebugTraceModule/DTrace/Observer/CustomPrice.php:15
Stack trace:
#0 /var/www/html/final/vendor/magento/framework/Event/Invoker/InvokerDefault.php(72): DebugTraceModule\DTrace\Observer\CustomPrice->execute(Object(Magento\Framework\Event\Observer))
#1 /var/www/html/final/vendor/magento/framework/Event/Invoker/InvokerDefault.php(60): Magento\Framework\Event\Invoker\InvokerDefault->_callObserverMethod(Object(DebugTraceModule\DTrace\Observer\CustomPrice), Object(Magento\Framework\Event\Observer))
#2 /var/www/html/final/vendor/magento/framework/Event/Manager.php(66): Magento\Framework\Event\Invoker\InvokerDefault->dispatch(Array, Object(Magento\Framework\Event\Observer))
#3 /var/www/html/final/generated/code/Magento/Framework/Event/Manager/Proxy.php(95): Magento\Framework\Event\Manager->dispatch('customer_login', Array)
#4 /var/www/html/final/vendor/magento/module-customer/Model/Session.php(435): Magento\Framework\Even in /var/www/html/final/app/code/DebugTraceModule/DTrace/Observer/CustomPrice.php on line 15
[03-Jul-2018 02:40:15 UTC] PHP Fatal error:  Uncaught Error: Call to a member function getParentItem() on null in /var/www/html/final/app/code/DebugTraceModule/DTrace/Observer/CustomPrice.php:15
Stack trace:
#0 /var/www/html/final/vendor/magento/framework/Event/Invoker/InvokerDefault.php(72): DebugTraceModule\DTrace\Observer\CustomPrice->execute(Object(Magento\Framework\Event\Observer))
#1 /var/www/html/final/vendor/magento/framework/Event/Invoker/InvokerDefault.php(60): Magento\Framework\Event\Invoker\InvokerDefault->_callObserverMethod(Object(DebugTraceModule\DTrace\Observer\CustomPrice), Object(Magento\Framework\Event\Observer))
#2 /var/www/html/final/vendor/magento/framework/Event/Manager.php(66): Magento\Framework\Event\Invoker\InvokerDefault->dispatch(Array, Object(Magento\Framework\Event\Observer))
#3 /var/www/html/final/generated/code/Magento/Framework/Event/Manager/Proxy.php(95): Magento\Framework\Event\Manager->dispatch('customer_login', Array)
#4 /var/www/html/final/vendor/magento/module-customer/Model/Session.php(435): Magento\Framework\Even in /var/www/html/final/app/code/DebugTraceModule/DTrace/Observer/CustomPrice.php on line 15
[03-Jul-2018 02:50:51 UTC] PHP Fatal error:  Uncaught Error: Call to a member function getParentItem() on null in /var/www/html/final/app/code/DebugTraceModule/DTrace/Observer/CustomPrice.php:15
Stack trace:
#0 /var/www/html/final/vendor/magento/framework/Event/Invoker/InvokerDefault.php(72): DebugTraceModule\DTrace\Observer\CustomPrice->execute(Object(Magento\Framework\Event\Observer))
#1 /var/www/html/final/vendor/magento/framework/Event/Invoker/InvokerDefault.php(60): Magento\Framework\Event\Invoker\InvokerDefault->_callObserverMethod(Object(DebugTraceModule\DTrace\Observer\CustomPrice), Object(Magento\Framework\Event\Observer))
#2 /var/www/html/final/vendor/magento/framework/Event/Manager.php(66): Magento\Framework\Event\Invoker\InvokerDefault->dispatch(Array, Object(Magento\Framework\Event\Observer))
#3 /var/www/html/final/generated/code/Magento/Framework/Event/Manager/Proxy.php(95): Magento\Framework\Event\Manager->dispatch('customer_login', Array)
#4 /var/www/html/final/vendor/magento/module-customer/Model/Session.php(435): Magento\Framework\Even in /var/www/html/final/app/code/DebugTraceModule/DTrace/Observer/CustomPrice.php on line 15
[03-Jul-2018 07:22:20 UTC] PHP Fatal error:  Uncaught Error: Call to a member function getParentItem() on null in /var/www/html/final/app/code/DebugTraceModule/DTrace/Observer/CustomPrice.php:15
Stack trace:
#0 /var/www/html/final/vendor/magento/framework/Event/Invoker/InvokerDefault.php(72): DebugTraceModule\DTrace\Observer\CustomPrice->execute(Object(Magento\Framework\Event\Observer))
#1 /var/www/html/final/vendor/magento/framework/Event/Invoker/InvokerDefault.php(60): Magento\Framework\Event\Invoker\InvokerDefault->_callObserverMethod(Object(DebugTraceModule\DTrace\Observer\CustomPrice), Object(Magento\Framework\Event\Observer))
#2 /var/www/html/final/vendor/magento/framework/Event/Manager.php(66): Magento\Framework\Event\Invoker\InvokerDefault->dispatch(Array, Object(Magento\Framework\Event\Observer))
#3 /var/www/html/final/generated/code/Magento/Framework/Event/Manager/Proxy.php(95): Magento\Framework\Event\Manager->dispatch('customer_login', Array)
#4 /var/www/html/final/vendor/magento/module-customer/Model/Session.php(435): Magento\Framework\Even in /var/www/html/final/app/code/DebugTraceModule/DTrace/Observer/CustomPrice.php on line 15
[03-Jul-2018 09:09:37 UTC] PHP Parse error:  syntax error, unexpected '$productRepository' (T_VARIABLE) in /var/www/html/final/app/code/DebugTraceModule/DTrace/view/frontend/templates/absolute_footer.phtml on line 22
[03-Jul-2018 09:13:45 UTC] PHP Parse error:  syntax error, unexpected ' ' (T_STRING) in /var/www/html/final/app/code/DebugTraceModule/DTrace/view/frontend/templates/absolute_footer.phtml on line 24
[03-Jul-2018 09:14:53 UTC] PHP Parse error:  syntax error, unexpected '$product' (T_VARIABLE) in /var/www/html/final/app/code/DebugTraceModule/DTrace/view/frontend/templates/absolute_footer.phtml on line 24
[03-Jul-2018 09:15:43 UTC] PHP Fatal error:  Uncaught Error: Call to a member function getEntityId() on null in /var/www/html/final/app/code/DebugTraceModule/DTrace/view/frontend/templates/absolute_footer.phtml:29
Stack trace:
#0 /var/www/html/final/vendor/magento/framework/View/TemplateEngine/Php.php(59): include()
#1 /var/www/html/final/vendor/magento/framework/View/Element/Template.php(270): Magento\Framework\View\TemplateEngine\Php->render(Object(Magento\Theme\Block\Html\Footer\Interceptor), '/var/www/html/f...', Array)
#2 /var/www/html/final/generated/code/Magento/Theme/Block/Html/Footer/Interceptor.php(154): Magento\Framework\View\Element\Template->fetchView('/var/www/html/f...')
#3 /var/www/html/final/vendor/magento/framework/View/Element/Template.php(300): Magento\Theme\Block\Html\Footer\Interceptor->fetchView('/var/www/html/f...')
#4 /var/www/html/final/vendor/magento/framework/View/Element/AbstractBlock.php(667): Magento\Framework\View\Element\Template->_toHtml()
#5 /var/www/html/final/vendor/magento/framework/Interception/Interceptor.php(58): in /var/www/html/final/app/code/DebugTraceModule/DTrace/view/frontend/templates/absolute_footer.phtml on line 29
[03-Jul-2018 09:16:44 UTC] PHP Fatal error:  Uncaught Error: Call to a member function getEntityId() on null in /var/www/html/final/app/code/DebugTraceModule/DTrace/view/frontend/templates/absolute_footer.phtml:29
Stack trace:
#0 /var/www/html/final/vendor/magento/framework/View/TemplateEngine/Php.php(59): include()
#1 /var/www/html/final/vendor/magento/framework/View/Element/Template.php(270): Magento\Framework\View\TemplateEngine\Php->render(Object(Magento\Theme\Block\Html\Footer\Interceptor), '/var/www/html/f...', Array)
#2 /var/www/html/final/generated/code/Magento/Theme/Block/Html/Footer/Interceptor.php(154): Magento\Framework\View\Element\Template->fetchView('/var/www/html/f...')
#3 /var/www/html/final/vendor/magento/framework/View/Element/Template.php(300): Magento\Theme\Block\Html\Footer\Interceptor->fetchView('/var/www/html/f...')
#4 /var/www/html/final/vendor/magento/framework/View/Element/AbstractBlock.php(667): Magento\Framework\View\Element\Template->_toHtml()
#5 /var/www/html/final/vendor/magento/framework/Interception/Interceptor.php(58): in /var/www/html/final/app/code/DebugTraceModule/DTrace/view/frontend/templates/absolute_footer.phtml on line 29
[03-Jul-2018 09:16:45 UTC] PHP Fatal error:  Uncaught Error: Call to a member function getEntityId() on null in /var/www/html/final/app/code/DebugTraceModule/DTrace/view/frontend/templates/absolute_footer.phtml:29
Stack trace:
#0 /var/www/html/final/vendor/magento/framework/View/TemplateEngine/Php.php(59): include()
#1 /var/www/html/final/vendor/magento/framework/View/Element/Template.php(270): Magento\Framework\View\TemplateEngine\Php->render(Object(Magento\Theme\Block\Html\Footer\Interceptor), '/var/www/html/f...', Array)
#2 /var/www/html/final/generated/code/Magento/Theme/Block/Html/Footer/Interceptor.php(154): Magento\Framework\View\Element\Template->fetchView('/var/www/html/f...')
#3 /var/www/html/final/vendor/magento/framework/View/Element/Template.php(300): Magento\Theme\Block\Html\Footer\Interceptor->fetchView('/var/www/html/f...')
#4 /var/www/html/final/vendor/magento/framework/View/Element/AbstractBlock.php(667): Magento\Framework\View\Element\Template->_toHtml()
#5 /var/www/html/final/vendor/magento/framework/Interception/Interceptor.php(58): in /var/www/html/final/app/code/DebugTraceModule/DTrace/view/frontend/templates/absolute_footer.phtml on line 29
[03-Jul-2018 09:25:03 UTC] PHP Fatal error:  Allowed memory size of 792723456 bytes exhausted (tried to allocate 467681280 bytes) in /var/www/html/final/app/code/DebugTraceModule/DTrace/view/frontend/templates/absolute_footer.phtml on line 45
[03-Jul-2018 09:25:12 UTC] PHP Fatal error:  Allowed memory size of 792723456 bytes exhausted (tried to allocate 534790144 bytes) in /var/www/html/final/app/code/DebugTraceModule/DTrace/view/frontend/templates/absolute_footer.phtml on line 45
[03-Jul-2018 10:52:20 UTC] PHP Parse error:  syntax error, unexpected '$this' (T_VARIABLE) in /var/www/html/final/app/code/DebugTraceModule/DTrace/Plugin/InjectVariablesIntoBlocks.php on line 17
[03-Jul-2018 10:53:15 UTC] PHP Parse error:  syntax error, unexpected '$this' (T_VARIABLE) in /var/www/html/final/app/code/DebugTraceModule/DTrace/Plugin/InjectVariablesIntoBlocks.php on line 17
[03-Jul-2018 10:53:49 UTC] PHP Parse error:  syntax error, unexpected '$this' (T_VARIABLE) in /var/www/html/final/app/code/DebugTraceModule/DTrace/Plugin/InjectVariablesIntoBlocks.php on line 17
[03-Jul-2018 10:55:54 UTC] PHP Parse error:  syntax error, unexpected '$this' (T_VARIABLE) in /var/www/html/final/app/code/DebugTraceModule/DTrace/Plugin/InjectVariablesIntoBlocks.php on line 17
[03-Jul-2018 10:56:08 UTC] PHP Parse error:  syntax error, unexpected '$this' (T_VARIABLE) in /var/www/html/final/app/code/DebugTraceModule/DTrace/Plugin/InjectVariablesIntoBlocks.php on line 17
[03-Jul-2018 10:58:39 UTC] PHP Fatal error:  Uncaught Error: Call to a member function getPrice() on boolean in /var/www/html/final/app/code/DebugTraceModule/DTrace/Plugin/InjectVariablesIntoBlocks.php:25
Stack trace:
#0 /var/www/html/final/vendor/magento/framework/Interception/Interceptor.php(121): DebugTraceModule\DTrace\Plugin\InjectVariablesIntoBlocks->beforeToHtml(Object(Magento\Theme\Block\Html\Footer\Interceptor))
#1 /var/www/html/final/vendor/magento/framework/Interception/Interceptor.php(153): Magento\Theme\Block\Html\Footer\Interceptor->Magento\Framework\Interception\{closure}()
#2 /var/www/html/final/generated/code/Magento/Theme/Block/Html/Footer/Interceptor.php(468): Magento\Theme\Block\Html\Footer\Interceptor->___callPlugins('toHtml', Array, Array)
#3 /var/www/html/final/vendor/magento/framework/View/Layout.php(558): Magento\Theme\Block\Html\Footer\Interceptor->toHtml()
#4 /var/www/html/final/vendor/magento/framework/View/Layout.php(534): Magento\Framework\View\Layout->_renderBlock('absolute_footer')
#5 /var/www/html/final/generated/code/Ma in /var/www/html/final/app/code/DebugTraceModule/DTrace/Plugin/InjectVariablesIntoBlocks.php on line 25
[03-Jul-2018 10:59:09 UTC] PHP Fatal error:  Uncaught Error: Call to a member function getPrice() on boolean in /var/www/html/final/app/code/DebugTraceModule/DTrace/Plugin/InjectVariablesIntoBlocks.php:25
Stack trace:
#0 /var/www/html/final/vendor/magento/framework/Interception/Interceptor.php(121): DebugTraceModule\DTrace\Plugin\InjectVariablesIntoBlocks->beforeToHtml(Object(Magento\Theme\Block\Html\Footer\Interceptor))
#1 /var/www/html/final/vendor/magento/framework/Interception/Interceptor.php(153): Magento\Theme\Block\Html\Footer\Interceptor->Magento\Framework\Interception\{closure}()
#2 /var/www/html/final/generated/code/Magento/Theme/Block/Html/Footer/Interceptor.php(468): Magento\Theme\Block\Html\Footer\Interceptor->___callPlugins('toHtml', Array, Array)
#3 /var/www/html/final/vendor/magento/framework/View/Layout.php(558): Magento\Theme\Block\Html\Footer\Interceptor->toHtml()
#4 /var/www/html/final/vendor/magento/framework/View/Layout.php(534): Magento\Framework\View\Layout->_renderBlock('absolute_footer')
#5 /var/www/html/final/generated/code/Ma in /var/www/html/final/app/code/DebugTraceModule/DTrace/Plugin/InjectVariablesIntoBlocks.php on line 25
[03-Jul-2018 10:59:34 UTC] PHP Fatal error:  Uncaught Error: Call to a member function getPrice() on boolean in /var/www/html/final/app/code/DebugTraceModule/DTrace/Plugin/InjectVariablesIntoBlocks.php:25
Stack trace:
#0 /var/www/html/final/vendor/magento/framework/Interception/Interceptor.php(121): DebugTraceModule\DTrace\Plugin\InjectVariablesIntoBlocks->beforeToHtml(Object(Magento\Theme\Block\Html\Footer\Interceptor))
#1 /var/www/html/final/vendor/magento/framework/Interception/Interceptor.php(153): Magento\Theme\Block\Html\Footer\Interceptor->Magento\Framework\Interception\{closure}()
#2 /var/www/html/final/generated/code/Magento/Theme/Block/Html/Footer/Interceptor.php(468): Magento\Theme\Block\Html\Footer\Interceptor->___callPlugins('toHtml', Array, Array)
#3 /var/www/html/final/vendor/magento/framework/View/Layout.php(558): Magento\Theme\Block\Html\Footer\Interceptor->toHtml()
#4 /var/www/html/final/vendor/magento/framework/View/Layout.php(534): Magento\Framework\View\Layout->_renderBlock('absolute_footer')
#5 /var/www/html/final/generated/code/Ma in /var/www/html/final/app/code/DebugTraceModule/DTrace/Plugin/InjectVariablesIntoBlocks.php on line 25
[03-Jul-2018 11:02:29 UTC] PHP Fatal error:  Uncaught Error: Call to a member function getData() on boolean in /var/www/html/final/app/code/DebugTraceModule/DTrace/Plugin/InjectVariablesIntoBlocks.php:25
Stack trace:
#0 /var/www/html/final/vendor/magento/framework/Interception/Interceptor.php(121): DebugTraceModule\DTrace\Plugin\InjectVariablesIntoBlocks->beforeToHtml(Object(Magento\Theme\Block\Html\Footer\Interceptor))
#1 /var/www/html/final/vendor/magento/framework/Interception/Interceptor.php(153): Magento\Theme\Block\Html\Footer\Interceptor->Magento\Framework\Interception\{closure}()
#2 /var/www/html/final/generated/code/Magento/Theme/Block/Html/Footer/Interceptor.php(468): Magento\Theme\Block\Html\Footer\Interceptor->___callPlugins('toHtml', Array, Array)
#3 /var/www/html/final/vendor/magento/framework/View/Layout.php(558): Magento\Theme\Block\Html\Footer\Interceptor->toHtml()
#4 /var/www/html/final/vendor/magento/framework/View/Layout.php(534): Magento\Framework\View\Layout->_renderBlock('absolute_footer')
#5 /var/www/html/final/generated/code/Mag in /var/www/html/final/app/code/DebugTraceModule/DTrace/Plugin/InjectVariablesIntoBlocks.php on line 25
[03-Jul-2018 11:04:53 UTC] PHP Parse error:  syntax error, unexpected 'var_dump' (T_STRING) in /var/www/html/final/app/code/DebugTraceModule/DTrace/view/frontend/templates/absolute_footer.phtml on line 57
[03-Jul-2018 13:24:25 UTC] PHP Fatal error:  Allowed memory size of 792723456 bytes exhausted (tried to allocate 400572416 bytes) in /var/www/html/final/app/code/DebugTraceModule/DTrace/view/frontend/templates/absolute_footer.phtml on line 56
[03-Jul-2018 13:24:25 UTC] PHP Fatal error:  Allowed memory size of 792723456 bytes exhausted (tried to allocate 400572416 bytes) in /var/www/html/final/app/code/DebugTraceModule/DTrace/view/frontend/templates/absolute_footer.phtml on line 56
[03-Jul-2018 13:24:29 UTC] PHP Fatal error:  Allowed memory size of 792723456 bytes exhausted (tried to allocate 400572416 bytes) in /var/www/html/final/app/code/DebugTraceModule/DTrace/view/frontend/templates/absolute_footer.phtml on line 56
[03-Jul-2018 13:25:23 UTC] PHP Fatal error:  Allowed memory size of 792723456 bytes exhausted (tried to allocate 400572416 bytes) in /var/www/html/final/app/code/DebugTraceModule/DTrace/view/frontend/templates/absolute_footer.phtml on line 56
[03-Jul-2018 13:32:50 UTC] PHP Fatal error:  Uncaught Error: Call to undefined method Magento\Catalog\Model\ProductFactory::loadByAttribute() in /var/www/html/final/app/code/DebugTraceModule/DTrace/view/frontend/templates/absolute_footer.phtml:58
Stack trace:
#0 /var/www/html/final/vendor/magento/framework/View/TemplateEngine/Php.php(59): include()
#1 /var/www/html/final/vendor/magento/framework/View/Element/Template.php(270): Magento\Framework\View\TemplateEngine\Php->render(Object(Magento\Theme\Block\Html\Footer\Interceptor), '/var/www/html/f...', Array)
#2 /var/www/html/final/generated/code/Magento/Theme/Block/Html/Footer/Interceptor.php(154): Magento\Framework\View\Element\Template->fetchView('/var/www/html/f...')
#3 /var/www/html/final/vendor/magento/framework/View/Element/Template.php(300): Magento\Theme\Block\Html\Footer\Interceptor->fetchView('/var/www/html/f...')
#4 /var/www/html/final/vendor/magento/framework/View/Element/AbstractBlock.php(667): Magento\Framework\View\Element\Template->_toHtml()
#5 /var/www/html/final/vendor/magento/framework/ in /var/www/html/final/app/code/DebugTraceModule/DTrace/view/frontend/templates/absolute_footer.phtml on line 58
[03-Jul-2018 13:36:12 UTC] PHP Fatal error:  Uncaught Error: Call to undefined method Magento\Catalog\Model\ProductFactory::loadByAttribute() in /var/www/html/final/app/code/DebugTraceModule/DTrace/view/frontend/templates/absolute_footer.phtml:58
Stack trace:
#0 /var/www/html/final/vendor/magento/framework/View/TemplateEngine/Php.php(59): include()
#1 /var/www/html/final/vendor/magento/framework/View/Element/Template.php(270): Magento\Framework\View\TemplateEngine\Php->render(Object(Magento\Theme\Block\Html\Footer\Interceptor), '/var/www/html/f...', Array)
#2 /var/www/html/final/generated/code/Magento/Theme/Block/Html/Footer/Interceptor.php(154): Magento\Framework\View\Element\Template->fetchView('/var/www/html/f...')
#3 /var/www/html/final/vendor/magento/framework/View/Element/Template.php(300): Magento\Theme\Block\Html\Footer\Interceptor->fetchView('/var/www/html/f...')
#4 /var/www/html/final/vendor/magento/framework/View/Element/AbstractBlock.php(667): Magento\Framework\View\Element\Template->_toHtml()
#5 /var/www/html/final/vendor/magento/framework/ in /var/www/html/final/app/code/DebugTraceModule/DTrace/view/frontend/templates/absolute_footer.phtml on line 58
[03-Jul-2018 13:37:00 UTC] PHP Fatal error:  Uncaught Error: Call to undefined method Magento\Catalog\Model\ProductFactory::loadByAttribute() in /var/www/html/final/app/code/DebugTraceModule/DTrace/view/frontend/templates/absolute_footer.phtml:58
Stack trace:
#0 /var/www/html/final/vendor/magento/framework/View/TemplateEngine/Php.php(59): include()
#1 /var/www/html/final/vendor/magento/framework/View/Element/Template.php(270): Magento\Framework\View\TemplateEngine\Php->render(Object(Magento\Theme\Block\Html\Footer\Interceptor), '/var/www/html/f...', Array)
#2 /var/www/html/final/generated/code/Magento/Theme/Block/Html/Footer/Interceptor.php(154): Magento\Framework\View\Element\Template->fetchView('/var/www/html/f...')
#3 /var/www/html/final/vendor/magento/framework/View/Element/Template.php(300): Magento\Theme\Block\Html\Footer\Interceptor->fetchView('/var/www/html/f...')
#4 /var/www/html/final/vendor/magento/framework/View/Element/AbstractBlock.php(667): Magento\Framework\View\Element\Template->_toHtml()
#5 /var/www/html/final/vendor/magento/framework/ in /var/www/html/final/app/code/DebugTraceModule/DTrace/view/frontend/templates/absolute_footer.phtml on line 58
[03-Jul-2018 13:37:40 UTC] PHP Fatal error:  Uncaught Error: Call to undefined method Magento\Catalog\Model\ProductFactory::loadByAttribute() in /var/www/html/final/app/code/DebugTraceModule/DTrace/view/frontend/templates/absolute_footer.phtml:58
Stack trace:
#0 /var/www/html/final/vendor/magento/framework/View/TemplateEngine/Php.php(59): include()
#1 /var/www/html/final/vendor/magento/framework/View/Element/Template.php(270): Magento\Framework\View\TemplateEngine\Php->render(Object(Magento\Theme\Block\Html\Footer\Interceptor), '/var/www/html/f...', Array)
#2 /var/www/html/final/generated/code/Magento/Theme/Block/Html/Footer/Interceptor.php(154): Magento\Framework\View\Element\Template->fetchView('/var/www/html/f...')
#3 /var/www/html/final/vendor/magento/framework/View/Element/Template.php(300): Magento\Theme\Block\Html\Footer\Interceptor->fetchView('/var/www/html/f...')
#4 /var/www/html/final/vendor/magento/framework/View/Element/AbstractBlock.php(667): Magento\Framework\View\Element\Template->_toHtml()
#5 /var/www/html/final/vendor/magento/framework/ in /var/www/html/final/app/code/DebugTraceModule/DTrace/view/frontend/templates/absolute_footer.phtml on line 58
[03-Jul-2018 13:39:14 UTC] PHP Fatal error:  Uncaught Error: Call to undefined method Magento\Catalog\Model\ProductFactory::get() in /var/www/html/final/app/code/DebugTraceModule/DTrace/view/frontend/templates/absolute_footer.phtml:58
Stack trace:
#0 /var/www/html/final/vendor/magento/framework/View/TemplateEngine/Php.php(59): include()
#1 /var/www/html/final/vendor/magento/framework/View/Element/Template.php(270): Magento\Framework\View\TemplateEngine\Php->render(Object(Magento\Theme\Block\Html\Footer\Interceptor), '/var/www/html/f...', Array)
#2 /var/www/html/final/generated/code/Magento/Theme/Block/Html/Footer/Interceptor.php(154): Magento\Framework\View\Element\Template->fetchView('/var/www/html/f...')
#3 /var/www/html/final/vendor/magento/framework/View/Element/Template.php(300): Magento\Theme\Block\Html\Footer\Interceptor->fetchView('/var/www/html/f...')
#4 /var/www/html/final/vendor/magento/framework/View/Element/AbstractBlock.php(667): Magento\Framework\View\Element\Template->_toHtml()
#5 /var/www/html/final/vendor/magento/framework/Interception in /var/www/html/final/app/code/DebugTraceModule/DTrace/view/frontend/templates/absolute_footer.phtml on line 58
[04-Jul-2018 02:00:47 UTC] PHP Fatal error:  Uncaught Error: Call to a member function getParentItem() on null in /var/www/html/final/app/code/DebugTraceModule/DTrace/Observer/CustomPrice.php:15
Stack trace:
#0 /var/www/html/final/vendor/magento/framework/Event/Invoker/InvokerDefault.php(72): DebugTraceModule\DTrace\Observer\CustomPrice->execute(Object(Magento\Framework\Event\Observer))
#1 /var/www/html/final/vendor/magento/framework/Event/Invoker/InvokerDefault.php(60): Magento\Framework\Event\Invoker\InvokerDefault->_callObserverMethod(Object(DebugTraceModule\DTrace\Observer\CustomPrice), Object(Magento\Framework\Event\Observer))
#2 /var/www/html/final/vendor/magento/framework/Event/Manager.php(66): Magento\Framework\Event\Invoker\InvokerDefault->dispatch(Array, Object(Magento\Framework\Event\Observer))
#3 /var/www/html/final/generated/code/Magento/Framework/Event/Manager/Proxy.php(95): Magento\Framework\Event\Manager->dispatch('customer_login', Array)
#4 /var/www/html/final/vendor/magento/module-customer/Model/Session.php(435): Magento\Framework\Even in /var/www/html/final/app/code/DebugTraceModule/DTrace/Observer/CustomPrice.php on line 15
[04-Jul-2018 03:38:46 UTC] PHP Fatal error:  Class OpenTechiz\Blog\Controller\Index\Index contains 1 abstract method and must therefore be declared abstract or implement the remaining methods (Magento\Framework\App\ActionInterface::execute) in /var/www/html/final/app/code/OpenTechiz/Blog/Controller/Index/Index.php on line 7
[04-Jul-2018 09:52:49 UTC] PHP Parse error:  syntax error, unexpected ';' in /var/www/html/final/app/code/OpenTechiz/Blog/view/frontend/templates/techiz.phtml on line 12
[04-Jul-2018 10:08:20 UTC] PHP Fatal error:  Interface 'OpenTechiz\Blog\Api\Data\PostInterface' not found in /var/www/html/final/app/code/OpenTechiz/Blog/Model/Post.php on line 4
[04-Jul-2018 10:09:33 UTC] PHP Fatal error:  Uncaught Error: Class 'OpenTechiz\Blog\Api\Data\PostInterface' not found in /var/www/html/final/app/code/OpenTechiz/Blog/Block/PostList.php:41
Stack trace:
#0 /var/www/html/final/app/code/OpenTechiz/Blog/view/frontend/templates/list.phtml(5): OpenTechiz\Blog\Block\PostList->getPosts()
#1 /var/www/html/final/vendor/magento/framework/View/TemplateEngine/Php.php(59): include('/var/www/html/f...')
#2 /var/www/html/final/vendor/magento/framework/View/Element/Template.php(270): Magento\Framework\View\TemplateEngine\Php->render(Object(OpenTechiz\Blog\Block\PostList), '/var/www/html/f...', Array)
#3 /var/www/html/final/vendor/magento/framework/View/Element/Template.php(300): Magento\Framework\View\Element\Template->fetchView('/var/www/html/f...')
#4 /var/www/html/final/vendor/magento/framework/View/Element/AbstractBlock.php(667): Magento\Framework\View\Element\Template->_toHtml()
#5 /var/www/html/final/vendor/magento/framework/View/Layout.php(558): Magento\Framework\View\Element\AbstractBlock->toHtml()
#6 /var/www/ht in /var/www/html/final/app/code/OpenTechiz/Blog/Block/PostList.php on line 41
[04-Jul-2018 10:10:20 UTC] PHP Fatal error:  Uncaught Error: Undefined class constant 'URL_KEY' in /var/www/html/final/app/code/OpenTechiz/Blog/Model/Post.php:104
Stack trace:
#0 /var/www/html/final/app/code/OpenTechiz/Blog/Model/Post.php(117): OpenTechiz\Blog\Model\Post->getUrlKey()
#1 /var/www/html/final/app/code/OpenTechiz/Blog/view/frontend/templates/list.phtml(8): OpenTechiz\Blog\Model\Post->getUrl()
#2 /var/www/html/final/vendor/magento/framework/View/TemplateEngine/Php.php(59): include('/var/www/html/f...')
#3 /var/www/html/final/vendor/magento/framework/View/Element/Template.php(270): Magento\Framework\View\TemplateEngine\Php->render(Object(OpenTechiz\Blog\Block\PostList), '/var/www/html/f...', Array)
#4 /var/www/html/final/vendor/magento/framework/View/Element/Template.php(300): Magento\Framework\View\Element\Template->fetchView('/var/www/html/f...')
#5 /var/www/html/final/vendor/magento/framework/View/Element/AbstractBlock.php(667): Magento\Framework\View\Element\Template->_toHtml()
#6 /var/www/html/final/vendor/magento/framework/View/Layout.p in /var/www/html/final/app/code/OpenTechiz/Blog/Model/Post.php on line 104
[04-Jul-2018 11:06:39 UTC] PHP Parse error:  syntax error, unexpected ')', expecting variable (T_VARIABLE) in /var/www/html/final/app/code/OpenTechiz/Blog/Controller/Router.php on line 12
[05-Jul-2018 01:41:22 UTC] PHP Parse error:  syntax error, unexpected 'product' (T_STRING) in /var/www/html/final/app/code/DebugTraceModule/DTrace/view/frontend/templates/absolute_footer.phtml on line 24
[05-Jul-2018 01:41:22 UTC] PHP Parse error:  syntax error, unexpected 'product' (T_STRING) in /var/www/html/final/app/code/DebugTraceModule/DTrace/view/frontend/templates/absolute_footer.phtml on line 24
[05-Jul-2018 01:41:22 UTC] PHP Parse error:  syntax error, unexpected 'product' (T_STRING) in /var/www/html/final/app/code/DebugTraceModule/DTrace/view/frontend/templates/absolute_footer.phtml on line 24
[05-Jul-2018 01:46:09 UTC] PHP Parse error:  syntax error, unexpected 'product' (T_STRING) in /var/www/html/final/app/code/DebugTraceModule/DTrace/view/frontend/templates/absolute_footer.phtml on line 24
[05-Jul-2018 01:47:44 UTC] PHP Parse error:  syntax error, unexpected 'product' (T_STRING) in /var/www/html/final/app/code/DebugTraceModule/DTrace/view/frontend/templates/absolute_footer.phtml on line 24
[05-Jul-2018 03:00:08 UTC] PHP Fatal error:  Uncaught Error: Call to a member function setActive() on boolean in /var/www/html/final/vendor/magento/module-backend/Model/View/Result/Page.php:27
Stack trace:
#0 /var/www/html/final/generated/code/Magento/Backend/Model/View/Result/Page/Interceptor.php(24): Magento\Backend\Model\View\Result\Page->setActiveMenu('Magento_Backend...')
#1 /var/www/html/final/vendor/magento/module-backend/Controller/Adminhtml/Dashboard/Index.php(35): Magento\Backend\Model\View\Result\Page\Interceptor->setActiveMenu('Magento_Backend...')
#2 /var/www/html/final/generated/code/Magento/Backend/Controller/Adminhtml/Dashboard/Index/Interceptor.php(24): Magento\Backend\Controller\Adminhtml\Dashboard\Index->execute()
#3 /var/www/html/final/vendor/magento/framework/App/Action/Action.php(107): Magento\Backend\Controller\Adminhtml\Dashboard\Index\Interceptor->execute()
#4 /var/www/html/final/vendor/magento/module-backend/App/AbstractAction.php(229): Magento\Framework\App\Action\Action->dispatch(Object(Magento\Framework\App\Request\Http))
#5 in /var/www/html/final/vendor/magento/module-backend/Model/View/Result/Page.php on line 27
[06-Jul-2018 02:46:38 UTC] PHP Fatal error:  Uncaught Error: Call to undefined method OpenTechiz\Blog\Model\ResourceModel\Comment::isValidCommentUrlKey() in /var/www/html/final/app/code/OpenTechiz/Blog/Model/ResourceModel/Comment.php:45
Stack trace:
#0 /var/www/html/final/vendor/magento/framework/Model/ResourceModel/Db/AbstractDb.php(409): OpenTechiz\Blog\Model\ResourceModel\Comment->_beforeSave(Object(OpenTechiz\Blog\Model\Comment))
#1 /var/www/html/final/vendor/magento/framework/Model/AbstractModel.php(647): Magento\Framework\Model\ResourceModel\Db\AbstractDb->save(Object(OpenTechiz\Blog\Model\Comment))
#2 /var/www/html/final/app/code/OpenTechiz/Blog/Controller/Comment/Save.php(35): Magento\Framework\Model\AbstractModel->save()
#3 /var/www/html/final/generated/code/OpenTechiz/Blog/Controller/Comment/Save/Interceptor.php(24): OpenTechiz\Blog\Controller\Comment\Save->execute()
#4 /var/www/html/final/vendor/magento/framework/App/Action/Action.php(107): OpenTechiz\Blog\Controller\Comment\Save\Interceptor->execute()
#5 /var/www/html/final/vendor/magento/fr in /var/www/html/final/app/code/OpenTechiz/Blog/Model/ResourceModel/Comment.php on line 45
[06-Jul-2018 02:47:05 UTC] PHP Fatal error:  Uncaught Error: Call to undefined method OpenTechiz\Blog\Model\ResourceModel\Comment::isValidCommentUrlKey() in /var/www/html/final/app/code/OpenTechiz/Blog/Model/ResourceModel/Comment.php:45
Stack trace:
#0 /var/www/html/final/vendor/magento/framework/Model/ResourceModel/Db/AbstractDb.php(409): OpenTechiz\Blog\Model\ResourceModel\Comment->_beforeSave(Object(OpenTechiz\Blog\Model\Comment))
#1 /var/www/html/final/vendor/magento/framework/Model/AbstractModel.php(647): Magento\Framework\Model\ResourceModel\Db\AbstractDb->save(Object(OpenTechiz\Blog\Model\Comment))
#2 /var/www/html/final/app/code/OpenTechiz/Blog/Controller/Comment/Save.php(35): Magento\Framework\Model\AbstractModel->save()
#3 /var/www/html/final/generated/code/OpenTechiz/Blog/Controller/Comment/Save/Interceptor.php(24): OpenTechiz\Blog\Controller\Comment\Save->execute()
#4 /var/www/html/final/vendor/magento/framework/App/Action/Action.php(107): OpenTechiz\Blog\Controller\Comment\Save\Interceptor->execute()
#5 /var/www/html/final/vendor/magento/fr in /var/www/html/final/app/code/OpenTechiz/Blog/Model/ResourceModel/Comment.php on line 45
[06-Jul-2018 02:47:09 UTC] PHP Fatal error:  Uncaught Error: Call to undefined method OpenTechiz\Blog\Model\ResourceModel\Comment::isValidCommentUrlKey() in /var/www/html/final/app/code/OpenTechiz/Blog/Model/ResourceModel/Comment.php:45
Stack trace:
#0 /var/www/html/final/vendor/magento/framework/Model/ResourceModel/Db/AbstractDb.php(409): OpenTechiz\Blog\Model\ResourceModel\Comment->_beforeSave(Object(OpenTechiz\Blog\Model\Comment))
#1 /var/www/html/final/vendor/magento/framework/Model/AbstractModel.php(647): Magento\Framework\Model\ResourceModel\Db\AbstractDb->save(Object(OpenTechiz\Blog\Model\Comment))
#2 /var/www/html/final/app/code/OpenTechiz/Blog/Controller/Comment/Save.php(35): Magento\Framework\Model\AbstractModel->save()
#3 /var/www/html/final/generated/code/OpenTechiz/Blog/Controller/Comment/Save/Interceptor.php(24): OpenTechiz\Blog\Controller\Comment\Save->execute()
#4 /var/www/html/final/vendor/magento/framework/App/Action/Action.php(107): OpenTechiz\Blog\Controller\Comment\Save\Interceptor->execute()
#5 /var/www/html/final/vendor/magento/fr in /var/www/html/final/app/code/OpenTechiz/Blog/Model/ResourceModel/Comment.php on line 45
[06-Jul-2018 02:47:16 UTC] PHP Fatal error:  Uncaught Error: Call to undefined method OpenTechiz\Blog\Model\ResourceModel\Comment::isValidCommentUrlKey() in /var/www/html/final/app/code/OpenTechiz/Blog/Model/ResourceModel/Comment.php:45
Stack trace:
#0 /var/www/html/final/vendor/magento/framework/Model/ResourceModel/Db/AbstractDb.php(409): OpenTechiz\Blog\Model\ResourceModel\Comment->_beforeSave(Object(OpenTechiz\Blog\Model\Comment))
#1 /var/www/html/final/vendor/magento/framework/Model/AbstractModel.php(647): Magento\Framework\Model\ResourceModel\Db\AbstractDb->save(Object(OpenTechiz\Blog\Model\Comment))
#2 /var/www/html/final/app/code/OpenTechiz/Blog/Controller/Comment/Save.php(35): Magento\Framework\Model\AbstractModel->save()
#3 /var/www/html/final/generated/code/OpenTechiz/Blog/Controller/Comment/Save/Interceptor.php(24): OpenTechiz\Blog\Controller\Comment\Save->execute()
#4 /var/www/html/final/vendor/magento/framework/App/Action/Action.php(107): OpenTechiz\Blog\Controller\Comment\Save\Interceptor->execute()
#5 /var/www/html/final/vendor/magento/fr in /var/www/html/final/app/code/OpenTechiz/Blog/Model/ResourceModel/Comment.php on line 45
[06-Jul-2018 10:16:06 UTC] PHP Parse error:  syntax error, unexpected '*', expecting end of file in /var/www/html/final/app/code/OpenTechiz/Blog/Controller/Adminhtml/Post/Save.php on line 86
[06-Jul-2018 10:21:21 UTC] PHP Parse error:  syntax error, unexpected '$this' (T_VARIABLE) in /var/www/html/final/app/code/OpenTechiz/Blog/Controller/Adminhtml/Post/Save.php on line 68
[06-Jul-2018 10:22:21 UTC] PHP Parse error:  syntax error, unexpected 'public' (T_PUBLIC), expecting end of file in /var/www/html/final/app/code/OpenTechiz/Blog/Controller/Adminhtml/Post/Save.php on line 87
[09-Jul-2018 01:55:57 UTC] PHP Fatal error:  Uncaught TypeError: Argument 2 passed to OpenTechiz\Blog\Controller\Comment\Save::__construct() must be an instance of Magento\Framework\Controller\Result\JsonFactory, instance of OpenTechiz\Blog\Model\Post given, called in /var/www/html/final/generated/code/OpenTechiz/Blog/Controller/Comment/Save/Interceptor.php on line 14 and defined in /var/www/html/final/app/code/OpenTechiz/Blog/Controller/Comment/Save.php:13
Stack trace:
#0 /var/www/html/final/generated/code/OpenTechiz/Blog/Controller/Comment/Save/Interceptor.php(14): OpenTechiz\Blog\Controller\Comment\Save->__construct(Object(Magento\Framework\App\Action\Context), Object(OpenTechiz\Blog\Model\Post))
#1 /var/www/html/final/vendor/magento/framework/ObjectManager/Factory/AbstractFactory.php(111): OpenTechiz\Blog\Controller\Comment\Save\Interceptor->__construct(Object(Magento\Framework\App\Action\Context), Object(OpenTechiz\Blog\Model\Post))
#2 /var/www/html/final/vendor/magento/framework/ObjectManager/Factory/Dynamic/Developer.php(66): Magento\Framework\Ob in /var/www/html/final/app/code/OpenTechiz/Blog/Controller/Comment/Save.php on line 13
[09-Jul-2018 02:05:34 UTC] PHP Fatal error:  Uncaught TypeError: Argument 2 passed to OpenTechiz\Blog\Controller\Comment\Save::__construct() must be an instance of Magento\Framework\Controller\Result\JsonFactory, instance of OpenTechiz\Blog\Model\Post given, called in /var/www/html/final/generated/code/OpenTechiz/Blog/Controller/Comment/Save/Interceptor.php on line 14 and defined in /var/www/html/final/app/code/OpenTechiz/Blog/Controller/Comment/Save.php:13
Stack trace:
#0 /var/www/html/final/generated/code/OpenTechiz/Blog/Controller/Comment/Save/Interceptor.php(14): OpenTechiz\Blog\Controller\Comment\Save->__construct(Object(Magento\Framework\App\Action\Context), Object(OpenTechiz\Blog\Model\Post))
#1 /var/www/html/final/vendor/magento/framework/ObjectManager/Factory/AbstractFactory.php(111): OpenTechiz\Blog\Controller\Comment\Save\Interceptor->__construct(Object(Magento\Framework\App\Action\Context), Object(OpenTechiz\Blog\Model\Post))
#2 /var/www/html/final/vendor/magento/framework/ObjectManager/Factory/Dynamic/Developer.php(66): Magento\Framework\Ob in /var/www/html/final/app/code/OpenTechiz/Blog/Controller/Comment/Save.php on line 13
[09-Jul-2018 02:10:58 UTC] PHP Fatal error:  Uncaught TypeError: Argument 2 passed to OpenTechiz\Blog\Controller\Comment\Save::__construct() must be an instance of Magento\Framework\Controller\Result\JsonFactory, instance of OpenTechiz\Blog\Model\Post given, called in /var/www/html/final/generated/code/OpenTechiz/Blog/Controller/Comment/Save/Interceptor.php on line 14 and defined in /var/www/html/final/app/code/OpenTechiz/Blog/Controller/Comment/Save.php:13
Stack trace:
#0 /var/www/html/final/generated/code/OpenTechiz/Blog/Controller/Comment/Save/Interceptor.php(14): OpenTechiz\Blog\Controller\Comment\Save->__construct(Object(Magento\Framework\App\Action\Context), Object(OpenTechiz\Blog\Model\Post))
#1 /var/www/html/final/vendor/magento/framework/ObjectManager/Factory/AbstractFactory.php(111): OpenTechiz\Blog\Controller\Comment\Save\Interceptor->__construct(Object(Magento\Framework\App\Action\Context), Object(OpenTechiz\Blog\Model\Post))
#2 /var/www/html/final/vendor/magento/framework/ObjectManager/Factory/Dynamic/Developer.php(66): Magento\Framework\Ob in /var/www/html/final/app/code/OpenTechiz/Blog/Controller/Comment/Save.php on line 13
[09-Jul-2018 02:11:10 UTC] PHP Fatal error:  Uncaught TypeError: Argument 2 passed to OpenTechiz\Blog\Controller\Comment\Save::__construct() must be an instance of Magento\Framework\Controller\Result\JsonFactory, instance of OpenTechiz\Blog\Model\Post given, called in /var/www/html/final/generated/code/OpenTechiz/Blog/Controller/Comment/Save/Interceptor.php on line 14 and defined in /var/www/html/final/app/code/OpenTechiz/Blog/Controller/Comment/Save.php:13
Stack trace:
#0 /var/www/html/final/generated/code/OpenTechiz/Blog/Controller/Comment/Save/Interceptor.php(14): OpenTechiz\Blog\Controller\Comment\Save->__construct(Object(Magento\Framework\App\Action\Context), Object(OpenTechiz\Blog\Model\Post))
#1 /var/www/html/final/vendor/magento/framework/ObjectManager/Factory/AbstractFactory.php(111): OpenTechiz\Blog\Controller\Comment\Save\Interceptor->__construct(Object(Magento\Framework\App\Action\Context), Object(OpenTechiz\Blog\Model\Post))
#2 /var/www/html/final/vendor/magento/framework/ObjectManager/Factory/Dynamic/Developer.php(66): Magento\Framework\Ob in /var/www/html/final/app/code/OpenTechiz/Blog/Controller/Comment/Save.php on line 13
[09-Jul-2018 02:44:09 UTC] PHP Fatal error:  Uncaught RuntimeException: Can't create directory /var/www/html/final/generated/code/Magento/Framework/App/ResourceConnection/. in [Magento\Framework\App\ResourceConnection\Proxy] in /var/www/html/final/vendor/magento/framework/Code/Generator.php:115
Stack trace:
#0 /var/www/html/final/vendor/magento/framework/Code/Generator/Autoloader.php(35): Magento\Framework\Code\Generator->generateClass('Magento\\Framewo...')
#1 [internal function]: Magento\Framework\Code\Generator\Autoloader->load('Magento\\Framewo...')
#2 [internal function]: spl_autoload_call('Magento\\Framewo...')
#3 /var/www/html/final/vendor/magento/framework/Code/Reader/ClassReader.php(19): ReflectionClass->__construct('Magento\\Framewo...')
#4 /var/www/html/final/vendor/magento/framework/ObjectManager/Definition/Runtime.php(44): Magento\Framework\Code\Reader\ClassReader->getConstructor('Magento\\Framewo...')
#5 /var/www/html/final/vendor/magento/framework/ObjectManager/Factory/Dynamic/Developer.php(48): Magento\Framework\ObjectManager\Definition\ in /var/www/html/final/vendor/magento/framework/Code/Generator.php on line 115
[09-Jul-2018 08:15:03 UTC] PHP Fatal error:  Uncaught TypeError: Argument 2 passed to OpenTechiz\Blog\Controller\Comment\Save::__construct() must be an instance of OpenTechiz\Blog\Controller\Comment\JsonFactory, instance of OpenTechiz\Blog\Model\Post given, called in /var/www/html/final/generated/code/OpenTechiz/Blog/Controller/Comment/Save/Interceptor.php on line 14 and defined in /var/www/html/final/app/code/OpenTechiz/Blog/Controller/Comment/Save.php:13
Stack trace:
#0 /var/www/html/final/generated/code/OpenTechiz/Blog/Controller/Comment/Save/Interceptor.php(14): OpenTechiz\Blog\Controller\Comment\Save->__construct(Object(Magento\Framework\App\Action\Context), Object(OpenTechiz\Blog\Model\Post))
#1 /var/www/html/final/vendor/magento/framework/ObjectManager/Factory/AbstractFactory.php(111): OpenTechiz\Blog\Controller\Comment\Save\Interceptor->__construct(Object(Magento\Framework\App\Action\Context), Object(OpenTechiz\Blog\Model\Post))
#2 /var/www/html/final/vendor/magento/framework/ObjectManager/Factory/Dynamic/Developer.php(66): Magento\Framework\Obj in /var/www/html/final/app/code/OpenTechiz/Blog/Controller/Comment/Save.php on line 13
[09-Jul-2018 08:17:31 UTC] PHP Fatal error:  Uncaught TypeError: Argument 2 passed to OpenTechiz\Blog\Controller\Comment\Save::__construct() must be an instance of Magento\Framework\Controller\Result\JsonFactory, instance of OpenTechiz\Blog\Model\Post given, called in /var/www/html/final/generated/code/OpenTechiz/Blog/Controller/Comment/Save/Interceptor.php on line 14 and defined in /var/www/html/final/app/code/OpenTechiz/Blog/Controller/Comment/Save.php:14
Stack trace:
#0 /var/www/html/final/generated/code/OpenTechiz/Blog/Controller/Comment/Save/Interceptor.php(14): OpenTechiz\Blog\Controller\Comment\Save->__construct(Object(Magento\Framework\App\Action\Context), Object(OpenTechiz\Blog\Model\Post))
#1 /var/www/html/final/vendor/magento/framework/ObjectManager/Factory/AbstractFactory.php(111): OpenTechiz\Blog\Controller\Comment\Save\Interceptor->__construct(Object(Magento\Framework\App\Action\Context), Object(OpenTechiz\Blog\Model\Post))
#2 /var/www/html/final/vendor/magento/framework/ObjectManager/Factory/Dynamic/Developer.php(66): Magento\Framework\Ob in /var/www/html/final/app/code/OpenTechiz/Blog/Controller/Comment/Save.php on line 14
[09-Jul-2018 08:21:11 UTC] PHP Fatal error:  Uncaught TypeError: Argument 2 passed to OpenTechiz\Blog\Controller\Comment\Save::__construct() must be an instance of Magento\Framework\Controller\Result\JsonFactory, instance of OpenTechiz\Blog\Model\Post given, called in /var/www/html/final/generated/code/OpenTechiz/Blog/Controller/Comment/Save/Interceptor.php on line 14 and defined in /var/www/html/final/app/code/OpenTechiz/Blog/Controller/Comment/Save.php:14
Stack trace:
#0 /var/www/html/final/generated/code/OpenTechiz/Blog/Controller/Comment/Save/Interceptor.php(14): OpenTechiz\Blog\Controller\Comment\Save->__construct(Object(Magento\Framework\App\Action\Context), Object(OpenTechiz\Blog\Model\Post))
#1 /var/www/html/final/vendor/magento/framework/ObjectManager/Factory/AbstractFactory.php(111): OpenTechiz\Blog\Controller\Comment\Save\Interceptor->__construct(Object(Magento\Framework\App\Action\Context), Object(OpenTechiz\Blog\Model\Post))
#2 /var/www/html/final/vendor/magento/framework/ObjectManager/Factory/Dynamic/Developer.php(66): Magento\Framework\Ob in /var/www/html/final/app/code/OpenTechiz/Blog/Controller/Comment/Save.php on line 14
[09-Jul-2018 08:21:39 UTC] PHP Fatal error:  Uncaught TypeError: Argument 2 passed to OpenTechiz\Blog\Controller\Comment\Save::__construct() must be an instance of Magento\Framework\Controller\Result\JsonFactory, instance of OpenTechiz\Blog\Model\Post given, called in /var/www/html/final/generated/code/OpenTechiz/Blog/Controller/Comment/Save/Interceptor.php on line 14 and defined in /var/www/html/final/app/code/OpenTechiz/Blog/Controller/Comment/Save.php:14
Stack trace:
#0 /var/www/html/final/generated/code/OpenTechiz/Blog/Controller/Comment/Save/Interceptor.php(14): OpenTechiz\Blog\Controller\Comment\Save->__construct(Object(Magento\Framework\App\Action\Context), Object(OpenTechiz\Blog\Model\Post))
#1 /var/www/html/final/vendor/magento/framework/ObjectManager/Factory/AbstractFactory.php(111): OpenTechiz\Blog\Controller\Comment\Save\Interceptor->__construct(Object(Magento\Framework\App\Action\Context), Object(OpenTechiz\Blog\Model\Post))
#2 /var/www/html/final/vendor/magento/framework/ObjectManager/Factory/Dynamic/Developer.php(66): Magento\Framework\Ob in /var/www/html/final/app/code/OpenTechiz/Blog/Controller/Comment/Save.php on line 14
[09-Jul-2018 08:59:15 UTC] PHP Fatal error:  Uncaught TypeError: Argument 2 passed to OpenTechiz\Blog\Controller\Comment\Save::__construct() must be an instance of Magento\Framework\Controller\Result\JsonFactory, instance of OpenTechiz\Blog\Model\Post given, called in /var/www/html/final/generated/code/OpenTechiz/Blog/Controller/Comment/Save/Interceptor.php on line 14 and defined in /var/www/html/final/app/code/OpenTechiz/Blog/Controller/Comment/Save.php:14
Stack trace:
#0 /var/www/html/final/generated/code/OpenTechiz/Blog/Controller/Comment/Save/Interceptor.php(14): OpenTechiz\Blog\Controller\Comment\Save->__construct(Object(Magento\Framework\App\Action\Context), Object(OpenTechiz\Blog\Model\Post))
#1 /var/www/html/final/vendor/magento/framework/ObjectManager/Factory/AbstractFactory.php(111): OpenTechiz\Blog\Controller\Comment\Save\Interceptor->__construct(Object(Magento\Framework\App\Action\Context), Object(OpenTechiz\Blog\Model\Post))
#2 /var/www/html/final/vendor/magento/framework/ObjectManager/Factory/Dynamic/Developer.php(66): Magento\Framework\Ob in /var/www/html/final/app/code/OpenTechiz/Blog/Controller/Comment/Save.php on line 14
[09-Jul-2018 09:08:48 UTC] PHP Parse error:  syntax error, unexpected 'parent' (T_STRING) in /var/www/html/final/app/code/OpenTechiz/Blog/Controller/Comment/Save.php on line 29
[09-Jul-2018 09:09:47 UTC] PHP Fatal error:  Uncaught TypeError: Argument 1 passed to OpenTechiz\Blog\Controller\Comment\Save::__construct() must be an instance of Magento\Framework\Controller\Result\JsonFactory, instance of Magento\Framework\App\Action\Context given, called in /var/www/html/final/generated/code/OpenTechiz/Blog/Controller/Comment/Save/Interceptor.php on line 14 and defined in /var/www/html/final/app/code/OpenTechiz/Blog/Controller/Comment/Save.php:14
Stack trace:
#0 /var/www/html/final/generated/code/OpenTechiz/Blog/Controller/Comment/Save/Interceptor.php(14): OpenTechiz\Blog\Controller\Comment\Save->__construct(Object(Magento\Framework\App\Action\Context), Object(OpenTechiz\Blog\Model\Post))
#1 /var/www/html/final/vendor/magento/framework/ObjectManager/Factory/AbstractFactory.php(111): OpenTechiz\Blog\Controller\Comment\Save\Interceptor->__construct(Object(Magento\Framework\App\Action\Context), Object(OpenTechiz\Blog\Model\Post))
#2 /var/www/html/final/vendor/magento/framework/ObjectManager/Factory/Dynamic/Developer.php(66): Magento\Fr in /var/www/html/final/app/code/OpenTechiz/Blog/Controller/Comment/Save.php on line 14
[09-Jul-2018 09:10:58 UTC] PHP Fatal error:  Uncaught TypeError: Argument 1 passed to OpenTechiz\Blog\Controller\Comment\Save::__construct() must be an instance of Magento\Framework\Controller\Result\JsonFactory, instance of Magento\Framework\App\Action\Context given, called in /var/www/html/final/generated/code/OpenTechiz/Blog/Controller/Comment/Save/Interceptor.php on line 14 and defined in /var/www/html/final/app/code/OpenTechiz/Blog/Controller/Comment/Save.php:15
Stack trace:
#0 /var/www/html/final/generated/code/OpenTechiz/Blog/Controller/Comment/Save/Interceptor.php(14): OpenTechiz\Blog\Controller\Comment\Save->__construct(Object(Magento\Framework\App\Action\Context), Object(OpenTechiz\Blog\Model\Post))
#1 /var/www/html/final/vendor/magento/framework/ObjectManager/Factory/AbstractFactory.php(111): OpenTechiz\Blog\Controller\Comment\Save\Interceptor->__construct(Object(Magento\Framework\App\Action\Context), Object(OpenTechiz\Blog\Model\Post))
#2 /var/www/html/final/vendor/magento/framework/ObjectManager/Factory/Dynamic/Developer.php(66): Magento\Fr in /var/www/html/final/app/code/OpenTechiz/Blog/Controller/Comment/Save.php on line 15
[09-Jul-2018 09:14:02 UTC] PHP Fatal error:  Uncaught TypeError: Argument 1 passed to OpenTechiz\Blog\Controller\Comment\Save::__construct() must be an instance of Magento\Framework\Controller\Result\JsonFactory, instance of Magento\Framework\App\Action\Context given, called in /var/www/html/final/generated/code/OpenTechiz/Blog/Controller/Comment/Save/Interceptor.php on line 14 and defined in /var/www/html/final/app/code/OpenTechiz/Blog/Controller/Comment/Save.php:16
Stack trace:
#0 /var/www/html/final/generated/code/OpenTechiz/Blog/Controller/Comment/Save/Interceptor.php(14): OpenTechiz\Blog\Controller\Comment\Save->__construct(Object(Magento\Framework\App\Action\Context), Object(OpenTechiz\Blog\Model\Post))
#1 /var/www/html/final/vendor/magento/framework/ObjectManager/Factory/AbstractFactory.php(111): OpenTechiz\Blog\Controller\Comment\Save\Interceptor->__construct(Object(Magento\Framework\App\Action\Context), Object(OpenTechiz\Blog\Model\Post))
#2 /var/www/html/final/vendor/magento/framework/ObjectManager/Factory/Dynamic/Developer.php(66): Magento\Fr in /var/www/html/final/app/code/OpenTechiz/Blog/Controller/Comment/Save.php on line 16
[09-Jul-2018 09:14:42 UTC] PHP Fatal error:  Uncaught TypeError: Argument 2 passed to OpenTechiz\Blog\Controller\Comment\Save::__construct() must be an instance of Magento\Framework\Controller\Result\JsonFactory, instance of OpenTechiz\Blog\Model\Post given, called in /var/www/html/final/generated/code/OpenTechiz/Blog/Controller/Comment/Save/Interceptor.php on line 14 and defined in /var/www/html/final/app/code/OpenTechiz/Blog/Controller/Comment/Save.php:9
Stack trace:
#0 /var/www/html/final/generated/code/OpenTechiz/Blog/Controller/Comment/Save/Interceptor.php(14): OpenTechiz\Blog\Controller\Comment\Save->__construct(Object(Magento\Framework\App\Action\Context), Object(OpenTechiz\Blog\Model\Post))
#1 /var/www/html/final/vendor/magento/framework/ObjectManager/Factory/AbstractFactory.php(111): OpenTechiz\Blog\Controller\Comment\Save\Interceptor->__construct(Object(Magento\Framework\App\Action\Context), Object(OpenTechiz\Blog\Model\Post))
#2 /var/www/html/final/vendor/magento/framework/ObjectManager/Factory/Dynamic/Developer.php(66): Magento\Framework\Obj in /var/www/html/final/app/code/OpenTechiz/Blog/Controller/Comment/Save.php on line 9
[10-Jul-2018 05:28:07 UTC] PHP Fatal error:  Uncaught Magento\Framework\Exception\LocalizedException: Invalid Document 
Element 'item': The type definition is abstract.
Line: 27

Element 'argument': The type definition is abstract.
Line: 6

Internal error: xmlSchemaXPathProcessHistory, The state object to be removed is not the first in the list.
Line: 5

Internal error: xmlSchemaValidateChildElem, calling xmlRegExecPushString2().
Line: 12

Internal error: xmlSchemaValidateElem, calling xmlSchemaStreamValidateChildElement().
Line: 12

Internal error: xmlSchemaDocWalk, calling xmlSchemaValidateElem().
Line: 12
 in /var/www/html/final/vendor/magento/framework/Config/Reader/Filesystem.php:163
Stack trace:
#0 /var/www/html/final/vendor/magento/framework/Config/Reader/Filesystem.php(130): Magento\Framework\Config\Reader\Filesystem->_readFiles(Object(Magento\Framework\Config\FileIterator))
#1 /var/www/html/final/vendor/magento/framework/App/ObjectManager/ConfigLoader.php(76): Magento\Framework\Config\Reader\Filesystem->read('global')
#2 /var/www/html/final/ven in /var/www/html/final/vendor/magento/framework/Config/Reader/Filesystem.php on line 163
[10-Jul-2018 05:29:28 UTC] PHP Fatal error:  Uncaught Magento\Framework\Exception\LocalizedException: Invalid Document 
Element 'item': The type definition is abstract.
Line: 27

Element 'argument': The type definition is abstract.
Line: 6

Internal error: xmlSchemaXPathProcessHistory, The state object to be removed is not the first in the list.
Line: 5

Internal error: xmlSchemaValidateChildElem, calling xmlRegExecPushString2().
Line: 12

Internal error: xmlSchemaValidateElem, calling xmlSchemaStreamValidateChildElement().
Line: 12

Internal error: xmlSchemaDocWalk, calling xmlSchemaValidateElem().
Line: 12
 in /var/www/html/final/vendor/magento/framework/Config/Reader/Filesystem.php:163
Stack trace:
#0 /var/www/html/final/vendor/magento/framework/Config/Reader/Filesystem.php(130): Magento\Framework\Config\Reader\Filesystem->_readFiles(Object(Magento\Framework\Config\FileIterator))
#1 /var/www/html/final/vendor/magento/framework/App/ObjectManager/ConfigLoader.php(76): Magento\Framework\Config\Reader\Filesystem->read('global')
#2 /var/www/html/final/ven in /var/www/html/final/vendor/magento/framework/Config/Reader/Filesystem.php on line 163
[10-Jul-2018 05:29:55 UTC] PHP Fatal error:  Uncaught Magento\Framework\Exception\LocalizedException: Invalid Document 
Element 'item': The type definition is abstract.
Line: 27

Element 'argument': The type definition is abstract.
Line: 6

Internal error: xmlSchemaXPathProcessHistory, The state object to be removed is not the first in the list.
Line: 5

Internal error: xmlSchemaValidateChildElem, calling xmlRegExecPushString2().
Line: 12

Internal error: xmlSchemaValidateElem, calling xmlSchemaStreamValidateChildElement().
Line: 12

Internal error: xmlSchemaDocWalk, calling xmlSchemaValidateElem().
Line: 12
 in /var/www/html/final/vendor/magento/framework/Config/Reader/Filesystem.php:163
Stack trace:
#0 /var/www/html/final/vendor/magento/framework/Config/Reader/Filesystem.php(130): Magento\Framework\Config\Reader\Filesystem->_readFiles(Object(Magento\Framework\Config\FileIterator))
#1 /var/www/html/final/vendor/magento/framework/App/ObjectManager/ConfigLoader.php(76): Magento\Framework\Config\Reader\Filesystem->read('global')
#2 /var/www/html/final/ven in /var/www/html/final/vendor/magento/framework/Config/Reader/Filesystem.php on line 163
[10-Jul-2018 05:30:20 UTC] PHP Fatal error:  Uncaught Magento\Framework\Exception\LocalizedException: Invalid Document 
Element 'item': The type definition is abstract.
Line: 27

Element 'argument': The type definition is abstract.
Line: 6

Internal error: xmlSchemaXPathProcessHistory, The state object to be removed is not the first in the list.
Line: 5

Internal error: xmlSchemaValidateChildElem, calling xmlRegExecPushString2().
Line: 12

Internal error: xmlSchemaValidateElem, calling xmlSchemaStreamValidateChildElement().
Line: 12

Internal error: xmlSchemaDocWalk, calling xmlSchemaValidateElem().
Line: 12
 in /var/www/html/final/vendor/magento/framework/Config/Reader/Filesystem.php:163
Stack trace:
#0 /var/www/html/final/vendor/magento/framework/Config/Reader/Filesystem.php(130): Magento\Framework\Config\Reader\Filesystem->_readFiles(Object(Magento\Framework\Config\FileIterator))
#1 /var/www/html/final/vendor/magento/framework/App/ObjectManager/ConfigLoader.php(76): Magento\Framework\Config\Reader\Filesystem->read('global')
#2 /var/www/html/final/ven in /var/www/html/final/vendor/magento/framework/Config/Reader/Filesystem.php on line 163
[10-Jul-2018 05:31:28 UTC] PHP Fatal error:  Uncaught Magento\Framework\Exception\LocalizedException: Invalid Document 
Element 'item': The type definition is abstract.
Line: 27

Element 'argument': The type definition is abstract.
Line: 6

Internal error: xmlSchemaXPathProcessHistory, The state object to be removed is not the first in the list.
Line: 5

Internal error: xmlSchemaValidateChildElem, calling xmlRegExecPushString2().
Line: 12

Internal error: xmlSchemaValidateElem, calling xmlSchemaStreamValidateChildElement().
Line: 12

Internal error: xmlSchemaDocWalk, calling xmlSchemaValidateElem().
Line: 12
 in /var/www/html/final/vendor/magento/framework/Config/Reader/Filesystem.php:163
Stack trace:
#0 /var/www/html/final/vendor/magento/framework/Config/Reader/Filesystem.php(130): Magento\Framework\Config\Reader\Filesystem->_readFiles(Object(Magento\Framework\Config\FileIterator))
#1 /var/www/html/final/vendor/magento/framework/App/ObjectManager/ConfigLoader.php(76): Magento\Framework\Config\Reader\Filesystem->read('global')
#2 /var/www/html/final/ven in /var/www/html/final/vendor/magento/framework/Config/Reader/Filesystem.php on line 163
[10-Jul-2018 05:32:32 UTC] PHP Fatal error:  Uncaught Magento\Framework\Exception\LocalizedException: Invalid Document 
Element 'item': The type definition is abstract.
Line: 27

Element 'argument': The type definition is abstract.
Line: 6

Internal error: xmlSchemaXPathProcessHistory, The state object to be removed is not the first in the list.
Line: 5

Internal error: xmlSchemaValidateChildElem, calling xmlRegExecPushString2().
Line: 12

Internal error: xmlSchemaValidateElem, calling xmlSchemaStreamValidateChildElement().
Line: 12

Internal error: xmlSchemaDocWalk, calling xmlSchemaValidateElem().
Line: 12
 in /var/www/html/final/vendor/magento/framework/Config/Reader/Filesystem.php:163
Stack trace:
#0 /var/www/html/final/vendor/magento/framework/Config/Reader/Filesystem.php(130): Magento\Framework\Config\Reader\Filesystem->_readFiles(Object(Magento\Framework\Config\FileIterator))
#1 /var/www/html/final/vendor/magento/framework/App/ObjectManager/ConfigLoader.php(76): Magento\Framework\Config\Reader\Filesystem->read('global')
#2 /var/www/html/final/ven in /var/www/html/final/vendor/magento/framework/Config/Reader/Filesystem.php on line 163
[10-Jul-2018 05:32:38 UTC] PHP Fatal error:  Uncaught Magento\Framework\Exception\LocalizedException: Invalid Document 
Element 'item': The type definition is abstract.
Line: 27

Element 'argument': The type definition is abstract.
Line: 6

Internal error: xmlSchemaXPathProcessHistory, The state object to be removed is not the first in the list.
Line: 5

Internal error: xmlSchemaValidateChildElem, calling xmlRegExecPushString2().
Line: 12

Internal error: xmlSchemaValidateElem, calling xmlSchemaStreamValidateChildElement().
Line: 12

Internal error: xmlSchemaDocWalk, calling xmlSchemaValidateElem().
Line: 12
 in /var/www/html/final/vendor/magento/framework/Config/Reader/Filesystem.php:163
Stack trace:
#0 /var/www/html/final/vendor/magento/framework/Config/Reader/Filesystem.php(130): Magento\Framework\Config\Reader\Filesystem->_readFiles(Object(Magento\Framework\Config\FileIterator))
#1 /var/www/html/final/vendor/magento/framework/App/ObjectManager/ConfigLoader.php(76): Magento\Framework\Config\Reader\Filesystem->read('global')
#2 /var/www/html/final/ven in /var/www/html/final/vendor/magento/framework/Config/Reader/Filesystem.php on line 163
[10-Jul-2018 05:33:53 UTC] PHP Fatal error:  Uncaught Magento\Framework\Exception\LocalizedException: Invalid Document 
Element 'item': The type definition is abstract.
Line: 27

Element 'argument': The type definition is abstract.
Line: 6

Internal error: xmlSchemaXPathProcessHistory, The state object to be removed is not the first in the list.
Line: 5

Internal error: xmlSchemaValidateChildElem, calling xmlRegExecPushString2().
Line: 12

Internal error: xmlSchemaValidateElem, calling xmlSchemaStreamValidateChildElement().
Line: 12

Internal error: xmlSchemaDocWalk, calling xmlSchemaValidateElem().
Line: 12
 in /var/www/html/final/vendor/magento/framework/Config/Reader/Filesystem.php:163
Stack trace:
#0 /var/www/html/final/vendor/magento/framework/Config/Reader/Filesystem.php(130): Magento\Framework\Config\Reader\Filesystem->_readFiles(Object(Magento\Framework\Config\FileIterator))
#1 /var/www/html/final/vendor/magento/framework/App/ObjectManager/ConfigLoader.php(76): Magento\Framework\Config\Reader\Filesystem->read('global')
#2 /var/www/html/final/ven in /var/www/html/final/vendor/magento/framework/Config/Reader/Filesystem.php on line 163
[10-Jul-2018 05:38:17 UTC] PHP Fatal error:  Uncaught Magento\Framework\Exception\LocalizedException: Invalid Document 
Element 'item': The type definition is abstract.
Line: 27

Element 'argument': The type definition is abstract.
Line: 6

Internal error: xmlSchemaXPathProcessHistory, The state object to be removed is not the first in the list.
Line: 5

Internal error: xmlSchemaValidateChildElem, calling xmlRegExecPushString2().
Line: 12

Internal error: xmlSchemaValidateElem, calling xmlSchemaStreamValidateChildElement().
Line: 12

Internal error: xmlSchemaDocWalk, calling xmlSchemaValidateElem().
Line: 12
 in /var/www/html/final/vendor/magento/framework/Config/Reader/Filesystem.php:163
Stack trace:
#0 /var/www/html/final/vendor/magento/framework/Config/Reader/Filesystem.php(130): Magento\Framework\Config\Reader\Filesystem->_readFiles(Object(Magento\Framework\Config\FileIterator))
#1 /var/www/html/final/vendor/magento/framework/App/ObjectManager/ConfigLoader.php(76): Magento\Framework\Config\Reader\Filesystem->read('global')
#2 /var/www/html/final/ven in /var/www/html/final/vendor/magento/framework/Config/Reader/Filesystem.php on line 163
[10-Jul-2018 05:56:08 UTC] PHP Fatal error:  Uncaught Magento\Framework\Exception\LocalizedException: Invalid Document 
Element 'item': The type definition is abstract.
Line: 27

Element 'argument': The type definition is abstract.
Line: 6

Internal error: xmlSchemaXPathProcessHistory, The state object to be removed is not the first in the list.
Line: 5

Internal error: xmlSchemaValidateChildElem, calling xmlRegExecPushString2().
Line: 12

Internal error: xmlSchemaValidateElem, calling xmlSchemaStreamValidateChildElement().
Line: 12

Internal error: xmlSchemaDocWalk, calling xmlSchemaValidateElem().
Line: 12
 in /var/www/html/final/vendor/magento/framework/Config/Reader/Filesystem.php:163
Stack trace:
#0 /var/www/html/final/vendor/magento/framework/Config/Reader/Filesystem.php(130): Magento\Framework\Config\Reader\Filesystem->_readFiles(Object(Magento\Framework\Config\FileIterator))
#1 /var/www/html/final/vendor/magento/framework/App/ObjectManager/ConfigLoader.php(76): Magento\Framework\Config\Reader\Filesystem->read('global')
#2 /var/www/html/final/ven in /var/www/html/final/vendor/magento/framework/Config/Reader/Filesystem.php on line 163
[10-Jul-2018 05:59:36 UTC] PHP Fatal error:  Uncaught Magento\Framework\Exception\LocalizedException: Invalid Document 
Element 'item': The type definition is abstract.
Line: 27

Element 'argument': The type definition is abstract.
Line: 6

Internal error: xmlSchemaXPathProcessHistory, The state object to be removed is not the first in the list.
Line: 5

Internal error: xmlSchemaValidateChildElem, calling xmlRegExecPushString2().
Line: 12

Internal error: xmlSchemaValidateElem, calling xmlSchemaStreamValidateChildElement().
Line: 12

Internal error: xmlSchemaDocWalk, calling xmlSchemaValidateElem().
Line: 12
 in /var/www/html/final/vendor/magento/framework/Config/Reader/Filesystem.php:163
Stack trace:
#0 /var/www/html/final/vendor/magento/framework/Config/Reader/Filesystem.php(130): Magento\Framework\Config\Reader\Filesystem->_readFiles(Object(Magento\Framework\Config\FileIterator))
#1 /var/www/html/final/vendor/magento/framework/App/ObjectManager/ConfigLoader.php(76): Magento\Framework\Config\Reader\Filesystem->read('global')
#2 /var/www/html/final/ven in /var/www/html/final/vendor/magento/framework/Config/Reader/Filesystem.php on line 163
[10-Jul-2018 05:59:43 UTC] PHP Fatal error:  Uncaught Magento\Framework\Exception\LocalizedException: Invalid Document 
Element 'item': The type definition is abstract.
Line: 27

Element 'argument': The type definition is abstract.
Line: 6

Internal error: xmlSchemaXPathProcessHistory, The state object to be removed is not the first in the list.
Line: 5

Internal error: xmlSchemaValidateChildElem, calling xmlRegExecPushString2().
Line: 12

Internal error: xmlSchemaValidateElem, calling xmlSchemaStreamValidateChildElement().
Line: 12

Internal error: xmlSchemaDocWalk, calling xmlSchemaValidateElem().
Line: 12
 in /var/www/html/final/vendor/magento/framework/Config/Reader/Filesystem.php:163
Stack trace:
#0 /var/www/html/final/vendor/magento/framework/Config/Reader/Filesystem.php(130): Magento\Framework\Config\Reader\Filesystem->_readFiles(Object(Magento\Framework\Config\FileIterator))
#1 /var/www/html/final/vendor/magento/framework/App/ObjectManager/ConfigLoader.php(76): Magento\Framework\Config\Reader\Filesystem->read('global')
#2 /var/www/html/final/ven in /var/www/html/final/vendor/magento/framework/Config/Reader/Filesystem.php on line 163
[10-Jul-2018 06:06:30 UTC] PHP Fatal error:  Uncaught Magento\Framework\Exception\LocalizedException: Invalid Document 
Element 'item': The type definition is abstract.
Line: 27

Element 'argument': The type definition is abstract.
Line: 6

Internal error: xmlSchemaXPathProcessHistory, The state object to be removed is not the first in the list.
Line: 5

Internal error: xmlSchemaValidateChildElem, calling xmlRegExecPushString2().
Line: 12

Internal error: xmlSchemaValidateElem, calling xmlSchemaStreamValidateChildElement().
Line: 12

Internal error: xmlSchemaDocWalk, calling xmlSchemaValidateElem().
Line: 12
 in /var/www/html/final/vendor/magento/framework/Config/Reader/Filesystem.php:163
Stack trace:
#0 /var/www/html/final/vendor/magento/framework/Config/Reader/Filesystem.php(130): Magento\Framework\Config\Reader\Filesystem->_readFiles(Object(Magento\Framework\Config\FileIterator))
#1 /var/www/html/final/vendor/magento/framework/App/ObjectManager/ConfigLoader.php(76): Magento\Framework\Config\Reader\Filesystem->read('global')
#2 /var/www/html/final/ven in /var/www/html/final/vendor/magento/framework/Config/Reader/Filesystem.php on line 163
[10-Jul-2018 10:14:27 UTC] PHP Warning:  file_put_contents(/var/www/html/final/var/cache//mage-tags/mage---e05_STORE_RELATIONS): failed to open stream: Permission denied in /var/www/html/final/vendor/colinmollenhour/cache-backend-file/File.php on line 663
[10-Jul-2018 10:14:27 UTC] PHP Warning:  fopen(/var/www/html/final/var/cache//mage-tags/mage---e05_STORE_RELATIONS): failed to open stream: Permission denied in /var/www/html/final/vendor/colinmollenhour/cache-backend-file/File.php on line 646
[10-Jul-2018 10:15:33 UTC] PHP Fatal error:  Uncaught Error: Call to a member function getParentItem() on null in /var/www/html/final/app/code/DebugTraceModule/DTrace/Observer/CustomPrice.php:15
Stack trace:
#0 /var/www/html/final/vendor/magento/framework/Event/Invoker/InvokerDefault.php(72): DebugTraceModule\DTrace\Observer\CustomPrice->execute(Object(Magento\Framework\Event\Observer))
#1 /var/www/html/final/vendor/magento/framework/Event/Invoker/InvokerDefault.php(60): Magento\Framework\Event\Invoker\InvokerDefault->_callObserverMethod(Object(DebugTraceModule\DTrace\Observer\CustomPrice), Object(Magento\Framework\Event\Observer))
#2 /var/www/html/final/vendor/magento/framework/Event/Manager.php(66): Magento\Framework\Event\Invoker\InvokerDefault->dispatch(Array, Object(Magento\Framework\Event\Observer))
#3 /var/www/html/final/generated/code/Magento/Framework/Event/Manager/Proxy.php(95): Magento\Framework\Event\Manager->dispatch('customer_login', Array)
#4 /var/www/html/final/vendor/magento/module-customer/Model/Session.php(435): Magento\Framework\Even in /var/www/html/final/app/code/DebugTraceModule/DTrace/Observer/CustomPrice.php on line 15
[11-Jul-2018 03:50:39 UTC] PHP Fatal error:  Uncaught TypeError: Argument 2 passed to Magento\Framework\View\Element\UiComponentFactory::argumentsResolver() must be of the type array, null given, called in /var/www/html/final/vendor/magento/framework/View/Element/UiComponentFactory.php on line 206 and defined in /var/www/html/final/vendor/magento/framework/View/Element/UiComponentFactory.php:172
Stack trace:
#0 /var/www/html/final/vendor/magento/framework/View/Element/UiComponentFactory.php(206): Magento\Framework\View\Element\UiComponentFactory->argumentsResolver('blog_comment_li...', NULL)
#1 /var/www/html/final/vendor/magento/framework/View/Layout/Generator/UiComponent.php(135): Magento\Framework\View\Element\UiComponentFactory->create('blog_comment_li...', NULL, Array)
#2 /var/www/html/final/vendor/magento/framework/View/Layout/Generator/UiComponent.php(97): Magento\Framework\View\Layout\Generator\UiComponent->generateComponent(Object(Magento\Framework\View\Layout\Data\Structure), 'blog_comment_li...', Array, Object(Magento\Framework\View\Layout\Int in /var/www/html/final/vendor/magento/framework/View/Element/UiComponentFactory.php on line 172
[15-Jul-2018 11:15:57 UTC] PHP Fatal error:  Uncaught RuntimeException: Can't create directory /var/www/html/final/generated/code/Magento/Framework/App/ResourceConnection/. in [Magento\Framework\App\ResourceConnection\Proxy] in /var/www/html/final/vendor/magento/framework/Code/Generator.php:115
Stack trace:
#0 /var/www/html/final/vendor/magento/framework/Code/Generator/Autoloader.php(35): Magento\Framework\Code\Generator->generateClass('Magento\\Framewo...')
#1 [internal function]: Magento\Framework\Code\Generator\Autoloader->load('Magento\\Framewo...')
#2 [internal function]: spl_autoload_call('Magento\\Framewo...')
#3 /var/www/html/final/vendor/magento/framework/Code/Reader/ClassReader.php(19): ReflectionClass->__construct('Magento\\Framewo...')
#4 /var/www/html/final/vendor/magento/framework/ObjectManager/Definition/Runtime.php(44): Magento\Framework\Code\Reader\ClassReader->getConstructor('Magento\\Framewo...')
#5 /var/www/html/final/vendor/magento/framework/ObjectManager/Factory/Dynamic/Developer.php(48): Magento\Framework\ObjectManager\Definition\ in /var/www/html/final/vendor/magento/framework/Code/Generator.php on line 115
[16-Jul-2018 02:43:23 UTC] PHP Fatal error:  Uncaught Error: Call to a member function getParentItem() on null in /var/www/html/final/app/code/DebugTraceModule/DTrace/Observer/CustomPrice.php:15
Stack trace:
#0 /var/www/html/final/vendor/magento/framework/Event/Invoker/InvokerDefault.php(72): DebugTraceModule\DTrace\Observer\CustomPrice->execute(Object(Magento\Framework\Event\Observer))
#1 /var/www/html/final/vendor/magento/framework/Event/Invoker/InvokerDefault.php(60): Magento\Framework\Event\Invoker\InvokerDefault->_callObserverMethod(Object(DebugTraceModule\DTrace\Observer\CustomPrice), Object(Magento\Framework\Event\Observer))
#2 /var/www/html/final/vendor/magento/framework/Event/Manager.php(66): Magento\Framework\Event\Invoker\InvokerDefault->dispatch(Array, Object(Magento\Framework\Event\Observer))
#3 /var/www/html/final/generated/code/Magento/Framework/Event/Manager/Proxy.php(95): Magento\Framework\Event\Manager->dispatch('customer_login', Array)
#4 /var/www/html/final/vendor/magento/module-customer/Model/Session.php(435): Magento\Framework\Even in /var/www/html/final/app/code/DebugTraceModule/DTrace/Observer/CustomPrice.php on line 15
[16-Jul-2018 03:09:05 UTC] PHP Warning:  file_put_contents(/var/www/html/final/var/cache//mage-tags/mage---e05_CONFIG): failed to open stream: Permission denied in /var/www/html/final/vendor/colinmollenhour/cache-backend-file/File.php on line 663
[16-Jul-2018 03:09:05 UTC] PHP Warning:  file_put_contents(/var/www/html/final/var/cache//mage-tags/mage---e05_MAGE): failed to open stream: Permission denied in /var/www/html/final/vendor/colinmollenhour/cache-backend-file/File.php on line 663
[16-Jul-2018 03:09:05 UTC] PHP Warning:  fopen(/var/www/html/final/var/cache//mage-tags/mage---e05_CONFIG): failed to open stream: Permission denied in /var/www/html/final/vendor/colinmollenhour/cache-backend-file/File.php on line 646
[16-Jul-2018 03:09:05 UTC] PHP Warning:  fopen(/var/www/html/final/var/cache//mage-tags/mage---e05_MAGE): failed to open stream: Permission denied in /var/www/html/final/vendor/colinmollenhour/cache-backend-file/File.php on line 646
[16-Jul-2018 03:09:05 UTC] PHP Warning:  file_put_contents(/var/www/html/final/var/cache//mage-tags/mage---e05_CONFIG): failed to open stream: Permission denied in /var/www/html/final/vendor/colinmollenhour/cache-backend-file/File.php on line 663
[16-Jul-2018 03:09:05 UTC] PHP Warning:  file_put_contents(/var/www/html/final/var/cache//mage-tags/mage---e05_MAGE): failed to open stream: Permission denied in /var/www/html/final/vendor/colinmollenhour/cache-backend-file/File.php on line 663
[16-Jul-2018 03:09:05 UTC] PHP Warning:  fopen(/var/www/html/final/var/cache//mage-tags/mage---e05_CONFIG): failed to open stream: Permission denied in /var/www/html/final/vendor/colinmollenhour/cache-backend-file/File.php on line 646
[16-Jul-2018 03:09:05 UTC] PHP Warning:  fopen(/var/www/html/final/var/cache//mage-tags/mage---e05_MAGE): failed to open stream: Permission denied in /var/www/html/final/vendor/colinmollenhour/cache-backend-file/File.php on line 646
[16-Jul-2018 03:09:07 UTC] PHP Warning:  file_put_contents(/var/www/html/final/var/cache//mage-tags/mage---e05_CONFIG): failed to open stream: Permission denied in /var/www/html/final/vendor/colinmollenhour/cache-backend-file/File.php on line 663
[16-Jul-2018 03:09:07 UTC] PHP Warning:  file_put_contents(/var/www/html/final/var/cache//mage-tags/mage---e05_MAGE): failed to open stream: Permission denied in /var/www/html/final/vendor/colinmollenhour/cache-backend-file/File.php on line 663
[16-Jul-2018 03:09:07 UTC] PHP Warning:  fopen(/var/www/html/final/var/cache//mage-tags/mage---e05_CONFIG): failed to open stream: Permission denied in /var/www/html/final/vendor/colinmollenhour/cache-backend-file/File.php on line 646
[16-Jul-2018 03:09:07 UTC] PHP Warning:  fopen(/var/www/html/final/var/cache//mage-tags/mage---e05_MAGE): failed to open stream: Permission denied in /var/www/html/final/vendor/colinmollenhour/cache-backend-file/File.php on line 646
[16-Jul-2018 03:09:08 UTC] PHP Warning:  file_put_contents(/var/www/html/final/var/cache//mage-tags/mage---e05_CONFIG): failed to open stream: Permission denied in /var/www/html/final/vendor/colinmollenhour/cache-backend-file/File.php on line 663
[16-Jul-2018 03:09:08 UTC] PHP Warning:  file_put_contents(/var/www/html/final/var/cache//mage-tags/mage---e05_MAGE): failed to open stream: Permission denied in /var/www/html/final/vendor/colinmollenhour/cache-backend-file/File.php on line 663
[16-Jul-2018 03:09:08 UTC] PHP Warning:  fopen(/var/www/html/final/var/cache//mage-tags/mage---e05_CONFIG): failed to open stream: Permission denied in /var/www/html/final/vendor/colinmollenhour/cache-backend-file/File.php on line 646
[16-Jul-2018 03:09:08 UTC] PHP Warning:  fopen(/var/www/html/final/var/cache//mage-tags/mage---e05_MAGE): failed to open stream: Permission denied in /var/www/html/final/vendor/colinmollenhour/cache-backend-file/File.php on line 646
[16-Jul-2018 03:09:08 UTC] PHP Warning:  file_put_contents(/var/www/html/final/var/cache//mage-tags/mage---e05_CONFIG): failed to open stream: Permission denied in /var/www/html/final/vendor/colinmollenhour/cache-backend-file/File.php on line 663
[16-Jul-2018 03:09:08 UTC] PHP Warning:  file_put_contents(/var/www/html/final/var/cache//mage-tags/mage---e05_MAGE): failed to open stream: Permission denied in /var/www/html/final/vendor/colinmollenhour/cache-backend-file/File.php on line 663
[16-Jul-2018 03:09:08 UTC] PHP Warning:  fopen(/var/www/html/final/var/cache//mage-tags/mage---e05_CONFIG): failed to open stream: Permission denied in /var/www/html/final/vendor/colinmollenhour/cache-backend-file/File.php on line 646
[16-Jul-2018 03:09:08 UTC] PHP Warning:  fopen(/var/www/html/final/var/cache//mage-tags/mage---e05_MAGE): failed to open stream: Permission denied in /var/www/html/final/vendor/colinmollenhour/cache-backend-file/File.php on line 646
[16-Jul-2018 03:09:08 UTC] PHP Warning:  file_put_contents(/var/www/html/final/var/cache//mage-tags/mage---e05_CONFIG): failed to open stream: Permission denied in /var/www/html/final/vendor/colinmollenhour/cache-backend-file/File.php on line 663
[16-Jul-2018 03:09:08 UTC] PHP Warning:  file_put_contents(/var/www/html/final/var/cache//mage-tags/mage---e05_MAGE): failed to open stream: Permission denied in /var/www/html/final/vendor/colinmollenhour/cache-backend-file/File.php on line 663
[16-Jul-2018 03:09:08 UTC] PHP Warning:  fopen(/var/www/html/final/var/cache//mage-tags/mage---e05_CONFIG): failed to open stream: Permission denied in /var/www/html/final/vendor/colinmollenhour/cache-backend-file/File.php on line 646
[16-Jul-2018 03:09:08 UTC] PHP Warning:  fopen(/var/www/html/final/var/cache//mage-tags/mage---e05_MAGE): failed to open stream: Permission denied in /var/www/html/final/vendor/colinmollenhour/cache-backend-file/File.php on line 646
[16-Jul-2018 03:09:09 UTC] PHP Warning:  file_put_contents(/var/www/html/final/var/cache//mage-tags/mage---e05_CONFIG): failed to open stream: Permission denied in /var/www/html/final/vendor/colinmollenhour/cache-backend-file/File.php on line 663
[16-Jul-2018 03:09:09 UTC] PHP Warning:  file_put_contents(/var/www/html/final/var/cache//mage-tags/mage---e05_MAGE): failed to open stream: Permission denied in /var/www/html/final/vendor/colinmollenhour/cache-backend-file/File.php on line 663
[16-Jul-2018 03:09:09 UTC] PHP Warning:  fopen(/var/www/html/final/var/cache//mage-tags/mage---e05_CONFIG): failed to open stream: Permission denied in /var/www/html/final/vendor/colinmollenhour/cache-backend-file/File.php on line 646
[16-Jul-2018 03:09:09 UTC] PHP Warning:  fopen(/var/www/html/final/var/cache//mage-tags/mage---e05_MAGE): failed to open stream: Permission denied in /var/www/html/final/vendor/colinmollenhour/cache-backend-file/File.php on line 646
[16-Jul-2018 03:09:09 UTC] PHP Warning:  file_put_contents(/var/www/html/final/var/cache//mage-tags/mage---e05_CONFIG_SCOPES): failed to open stream: Permission denied in /var/www/html/final/vendor/colinmollenhour/cache-backend-file/File.php on line 663
[16-Jul-2018 03:09:09 UTC] PHP Warning:  file_put_contents(/var/www/html/final/var/cache//mage-tags/mage---e05_CONFIG): failed to open stream: Permission denied in /var/www/html/final/vendor/colinmollenhour/cache-backend-file/File.php on line 663
[16-Jul-2018 03:09:09 UTC] PHP Warning:  file_put_contents(/var/www/html/final/var/cache//mage-tags/mage---e05_MAGE): failed to open stream: Permission denied in /var/www/html/final/vendor/colinmollenhour/cache-backend-file/File.php on line 663
[16-Jul-2018 03:09:09 UTC] PHP Warning:  fopen(/var/www/html/final/var/cache//mage-tags/mage---e05_CONFIG_SCOPES): failed to open stream: Permission denied in /var/www/html/final/vendor/colinmollenhour/cache-backend-file/File.php on line 646
[16-Jul-2018 03:09:09 UTC] PHP Warning:  fopen(/var/www/html/final/var/cache//mage-tags/mage---e05_CONFIG): failed to open stream: Permission denied in /var/www/html/final/vendor/colinmollenhour/cache-backend-file/File.php on line 646
[16-Jul-2018 03:09:09 UTC] PHP Warning:  fopen(/var/www/html/final/var/cache//mage-tags/mage---e05_MAGE): failed to open stream: Permission denied in /var/www/html/final/vendor/colinmollenhour/cache-backend-file/File.php on line 646
[16-Jul-2018 03:09:09 UTC] PHP Warning:  file_put_contents(/var/www/html/final/var/cache//mage-tags/mage---e05_CONFIG_SCOPES): failed to open stream: Permission denied in /var/www/html/final/vendor/colinmollenhour/cache-backend-file/File.php on line 663
[16-Jul-2018 03:09:09 UTC] PHP Warning:  file_put_contents(/var/www/html/final/var/cache//mage-tags/mage---e05_CONFIG): failed to open stream: Permission denied in /var/www/html/final/vendor/colinmollenhour/cache-backend-file/File.php on line 663
[16-Jul-2018 03:09:09 UTC] PHP Warning:  file_put_contents(/var/www/html/final/var/cache//mage-tags/mage---e05_MAGE): failed to open stream: Permission denied in /var/www/html/final/vendor/colinmollenhour/cache-backend-file/File.php on line 663
[16-Jul-2018 03:09:09 UTC] PHP Warning:  fopen(/var/www/html/final/var/cache//mage-tags/mage---e05_CONFIG_SCOPES): failed to open stream: Permission denied in /var/www/html/final/vendor/colinmollenhour/cache-backend-file/File.php on line 646
[16-Jul-2018 03:09:09 UTC] PHP Warning:  fopen(/var/www/html/final/var/cache//mage-tags/mage---e05_CONFIG): failed to open stream: Permission denied in /var/www/html/final/vendor/colinmollenhour/cache-backend-file/File.php on line 646
[16-Jul-2018 03:09:09 UTC] PHP Warning:  fopen(/var/www/html/final/var/cache//mage-tags/mage---e05_MAGE): failed to open stream: Permission denied in /var/www/html/final/vendor/colinmollenhour/cache-backend-file/File.php on line 646
[16-Jul-2018 03:09:09 UTC] PHP Warning:  file_put_contents(/var/www/html/final/var/cache//mage-tags/mage---e05_CONFIG_SCOPES): failed to open stream: Permission denied in /var/www/html/final/vendor/colinmollenhour/cache-backend-file/File.php on line 663
[16-Jul-2018 03:09:09 UTC] PHP Warning:  file_put_contents(/var/www/html/final/var/cache//mage-tags/mage---e05_CONFIG): failed to open stream: Permission denied in /var/www/html/final/vendor/colinmollenhour/cache-backend-file/File.php on line 663
[16-Jul-2018 03:09:09 UTC] PHP Warning:  file_put_contents(/var/www/html/final/var/cache//mage-tags/mage---e05_MAGE): failed to open stream: Permission denied in /var/www/html/final/vendor/colinmollenhour/cache-backend-file/File.php on line 663
[16-Jul-2018 03:09:09 UTC] PHP Warning:  fopen(/var/www/html/final/var/cache//mage-tags/mage---e05_CONFIG_SCOPES): failed to open stream: Permission denied in /var/www/html/final/vendor/colinmollenhour/cache-backend-file/File.php on line 646
[16-Jul-2018 03:09:09 UTC] PHP Warning:  fopen(/var/www/html/final/var/cache//mage-tags/mage---e05_CONFIG): failed to open stream: Permission denied in /var/www/html/final/vendor/colinmollenhour/cache-backend-file/File.php on line 646
[16-Jul-2018 03:09:09 UTC] PHP Warning:  fopen(/var/www/html/final/var/cache//mage-tags/mage---e05_MAGE): failed to open stream: Permission denied in /var/www/html/final/vendor/colinmollenhour/cache-backend-file/File.php on line 646
[16-Jul-2018 03:09:09 UTC] PHP Warning:  file_put_contents(/var/www/html/final/var/cache//mage-tags/mage---e05_CONFIG_SCOPES): failed to open stream: Permission denied in /var/www/html/final/vendor/colinmollenhour/cache-backend-file/File.php on line 663
[16-Jul-2018 03:09:09 UTC] PHP Warning:  file_put_contents(/var/www/html/final/var/cache//mage-tags/mage---e05_CONFIG): failed to open stream: Permission denied in /var/www/html/final/vendor/colinmollenhour/cache-backend-file/File.php on line 663
[16-Jul-2018 03:09:09 UTC] PHP Warning:  file_put_contents(/var/www/html/final/var/cache//mage-tags/mage---e05_MAGE): failed to open stream: Permission denied in /var/www/html/final/vendor/colinmollenhour/cache-backend-file/File.php on line 663
[16-Jul-2018 03:09:09 UTC] PHP Warning:  fopen(/var/www/html/final/var/cache//mage-tags/mage---e05_CONFIG_SCOPES): failed to open stream: Permission denied in /var/www/html/final/vendor/colinmollenhour/cache-backend-file/File.php on line 646
[16-Jul-2018 03:09:09 UTC] PHP Warning:  fopen(/var/www/html/final/var/cache//mage-tags/mage---e05_CONFIG): failed to open stream: Permission denied in /var/www/html/final/vendor/colinmollenhour/cache-backend-file/File.php on line 646
[16-Jul-2018 03:09:09 UTC] PHP Warning:  fopen(/var/www/html/final/var/cache//mage-tags/mage---e05_MAGE): failed to open stream: Permission denied in /var/www/html/final/vendor/colinmollenhour/cache-backend-file/File.php on line 646
[16-Jul-2018 03:09:09 UTC] PHP Warning:  file_put_contents(/var/www/html/final/var/cache//mage-tags/mage---e05_CONFIG_SCOPES): failed to open stream: Permission denied in /var/www/html/final/vendor/colinmollenhour/cache-backend-file/File.php on line 663
[16-Jul-2018 03:09:09 UTC] PHP Warning:  file_put_contents(/var/www/html/final/var/cache//mage-tags/mage---e05_CONFIG): failed to open stream: Permission denied in /var/www/html/final/vendor/colinmollenhour/cache-backend-file/File.php on line 663
[16-Jul-2018 03:09:09 UTC] PHP Warning:  file_put_contents(/var/www/html/final/var/cache//mage-tags/mage---e05_MAGE): failed to open stream: Permission denied in /var/www/html/final/vendor/colinmollenhour/cache-backend-file/File.php on line 663
[16-Jul-2018 03:09:09 UTC] PHP Warning:  fopen(/var/www/html/final/var/cache//mage-tags/mage---e05_CONFIG_SCOPES): failed to open stream: Permission denied in /var/www/html/final/vendor/colinmollenhour/cache-backend-file/File.php on line 646
[16-Jul-2018 03:09:09 UTC] PHP Warning:  fopen(/var/www/html/final/var/cache//mage-tags/mage---e05_CONFIG): failed to open stream: Permission denied in /var/www/html/final/vendor/colinmollenhour/cache-backend-file/File.php on line 646
[16-Jul-2018 03:09:09 UTC] PHP Warning:  fopen(/var/www/html/final/var/cache//mage-tags/mage---e05_MAGE): failed to open stream: Permission denied in /var/www/html/final/vendor/colinmollenhour/cache-backend-file/File.php on line 646
[16-Jul-2018 03:09:09 UTC] PHP Warning:  file_put_contents(/var/www/html/final/var/cache//mage-tags/mage---e05_CONFIG_SCOPES): failed to open stream: Permission denied in /var/www/html/final/vendor/colinmollenhour/cache-backend-file/File.php on line 663
[16-Jul-2018 03:09:09 UTC] PHP Warning:  file_put_contents(/var/www/html/final/var/cache//mage-tags/mage---e05_CONFIG): failed to open stream: Permission denied in /var/www/html/final/vendor/colinmollenhour/cache-backend-file/File.php on line 663
[16-Jul-2018 03:09:09 UTC] PHP Warning:  file_put_contents(/var/www/html/final/var/cache//mage-tags/mage---e05_MAGE): failed to open stream: Permission denied in /var/www/html/final/vendor/colinmollenhour/cache-backend-file/File.php on line 663
[16-Jul-2018 03:09:09 UTC] PHP Warning:  fopen(/var/www/html/final/var/cache//mage-tags/mage---e05_CONFIG_SCOPES): failed to open stream: Permission denied in /var/www/html/final/vendor/colinmollenhour/cache-backend-file/File.php on line 646
[16-Jul-2018 03:09:09 UTC] PHP Warning:  fopen(/var/www/html/final/var/cache//mage-tags/mage---e05_CONFIG): failed to open stream: Permission denied in /var/www/html/final/vendor/colinmollenhour/cache-backend-file/File.php on line 646
[16-Jul-2018 03:09:09 UTC] PHP Warning:  fopen(/var/www/html/final/var/cache//mage-tags/mage---e05_MAGE): failed to open stream: Permission denied in /var/www/html/final/vendor/colinmollenhour/cache-backend-file/File.php on line 646
[16-Jul-2018 03:09:09 UTC] PHP Warning:  file_put_contents(/var/www/html/final/var/cache//mage-tags/mage---e05_CONFIG_SCOPES): failed to open stream: Permission denied in /var/www/html/final/vendor/colinmollenhour/cache-backend-file/File.php on line 663
[16-Jul-2018 03:09:09 UTC] PHP Warning:  file_put_contents(/var/www/html/final/var/cache//mage-tags/mage---e05_CONFIG): failed to open stream: Permission denied in /var/www/html/final/vendor/colinmollenhour/cache-backend-file/File.php on line 663
[16-Jul-2018 03:09:09 UTC] PHP Warning:  file_put_contents(/var/www/html/final/var/cache//mage-tags/mage---e05_MAGE): failed to open stream: Permission denied in /var/www/html/final/vendor/colinmollenhour/cache-backend-file/File.php on line 663
[16-Jul-2018 03:09:09 UTC] PHP Warning:  fopen(/var/www/html/final/var/cache//mage-tags/mage---e05_CONFIG_SCOPES): failed to open stream: Permission denied in /var/www/html/final/vendor/colinmollenhour/cache-backend-file/File.php on line 646
[16-Jul-2018 03:09:09 UTC] PHP Warning:  fopen(/var/www/html/final/var/cache//mage-tags/mage---e05_CONFIG): failed to open stream: Permission denied in /var/www/html/final/vendor/colinmollenhour/cache-backend-file/File.php on line 646
[16-Jul-2018 03:09:09 UTC] PHP Warning:  fopen(/var/www/html/final/var/cache//mage-tags/mage---e05_MAGE): failed to open stream: Permission denied in /var/www/html/final/vendor/colinmollenhour/cache-backend-file/File.php on line 646
[16-Jul-2018 03:09:09 UTC] PHP Warning:  file_put_contents(/var/www/html/final/var/cache//mage-tags/mage---e05_CONFIG_SCOPES): failed to open stream: Permission denied in /var/www/html/final/vendor/colinmollenhour/cache-backend-file/File.php on line 663
[16-Jul-2018 03:09:09 UTC] PHP Warning:  file_put_contents(/var/www/html/final/var/cache//mage-tags/mage---e05_CONFIG): failed to open stream: Permission denied in /var/www/html/final/vendor/colinmollenhour/cache-backend-file/File.php on line 663
[16-Jul-2018 03:09:09 UTC] PHP Warning:  file_put_contents(/var/www/html/final/var/cache//mage-tags/mage---e05_MAGE): failed to open stream: Permission denied in /var/www/html/final/vendor/colinmollenhour/cache-backend-file/File.php on line 663
[16-Jul-2018 03:09:09 UTC] PHP Warning:  fopen(/var/www/html/final/var/cache//mage-tags/mage---e05_CONFIG_SCOPES): failed to open stream: Permission denied in /var/www/html/final/vendor/colinmollenhour/cache-backend-file/File.php on line 646
[16-Jul-2018 03:09:09 UTC] PHP Warning:  fopen(/var/www/html/final/var/cache//mage-tags/mage---e05_CONFIG): failed to open stream: Permission denied in /var/www/html/final/vendor/colinmollenhour/cache-backend-file/File.php on line 646
[16-Jul-2018 03:09:09 UTC] PHP Warning:  fopen(/var/www/html/final/var/cache//mage-tags/mage---e05_MAGE): failed to open stream: Permission denied in /var/www/html/final/vendor/colinmollenhour/cache-backend-file/File.php on line 646
[16-Jul-2018 03:09:09 UTC] PHP Warning:  file_put_contents(/var/www/html/final/var/cache//mage-tags/mage---e05_CONFIG_SCOPES): failed to open stream: Permission denied in /var/www/html/final/vendor/colinmollenhour/cache-backend-file/File.php on line 663
[16-Jul-2018 03:09:09 UTC] PHP Warning:  file_put_contents(/var/www/html/final/var/cache//mage-tags/mage---e05_CONFIG): failed to open stream: Permission denied in /var/www/html/final/vendor/colinmollenhour/cache-backend-file/File.php on line 663
[16-Jul-2018 03:09:09 UTC] PHP Warning:  file_put_contents(/var/www/html/final/var/cache//mage-tags/mage---e05_MAGE): failed to open stream: Permission denied in /var/www/html/final/vendor/colinmollenhour/cache-backend-file/File.php on line 663
[16-Jul-2018 03:09:09 UTC] PHP Warning:  fopen(/var/www/html/final/var/cache//mage-tags/mage---e05_CONFIG_SCOPES): failed to open stream: Permission denied in /var/www/html/final/vendor/colinmollenhour/cache-backend-file/File.php on line 646
[16-Jul-2018 03:09:09 UTC] PHP Warning:  fopen(/var/www/html/final/var/cache//mage-tags/mage---e05_CONFIG): failed to open stream: Permission denied in /var/www/html/final/vendor/colinmollenhour/cache-backend-file/File.php on line 646
[16-Jul-2018 03:09:09 UTC] PHP Warning:  fopen(/var/www/html/final/var/cache//mage-tags/mage---e05_MAGE): failed to open stream: Permission denied in /var/www/html/final/vendor/colinmollenhour/cache-backend-file/File.php on line 646
[16-Jul-2018 03:09:09 UTC] PHP Warning:  file_put_contents(/var/www/html/final/var/cache//mage-tags/mage---e05_CONFIG_SCOPES): failed to open stream: Permission denied in /var/www/html/final/vendor/colinmollenhour/cache-backend-file/File.php on line 663
[16-Jul-2018 03:09:09 UTC] PHP Warning:  file_put_contents(/var/www/html/final/var/cache//mage-tags/mage---e05_CONFIG): failed to open stream: Permission denied in /var/www/html/final/vendor/colinmollenhour/cache-backend-file/File.php on line 663
[16-Jul-2018 03:09:09 UTC] PHP Warning:  file_put_contents(/var/www/html/final/var/cache//mage-tags/mage---e05_MAGE): failed to open stream: Permission denied in /var/www/html/final/vendor/colinmollenhour/cache-backend-file/File.php on line 663
[16-Jul-2018 03:09:09 UTC] PHP Warning:  fopen(/var/www/html/final/var/cache//mage-tags/mage---e05_CONFIG_SCOPES): failed to open stream: Permission denied in /var/www/html/final/vendor/colinmollenhour/cache-backend-file/File.php on line 646
[16-Jul-2018 03:09:09 UTC] PHP Warning:  fopen(/var/www/html/final/var/cache//mage-tags/mage---e05_CONFIG): failed to open stream: Permission denied in /var/www/html/final/vendor/colinmollenhour/cache-backend-file/File.php on line 646
[16-Jul-2018 03:09:09 UTC] PHP Warning:  fopen(/var/www/html/final/var/cache//mage-tags/mage---e05_MAGE): failed to open stream: Permission denied in /var/www/html/final/vendor/colinmollenhour/cache-backend-file/File.php on line 646
[16-Jul-2018 03:09:09 UTC] PHP Warning:  file_put_contents(/var/www/html/final/var/cache//mage-tags/mage---e05_CONFIG_SCOPES): failed to open stream: Permission denied in /var/www/html/final/vendor/colinmollenhour/cache-backend-file/File.php on line 663
[16-Jul-2018 03:09:09 UTC] PHP Warning:  file_put_contents(/var/www/html/final/var/cache//mage-tags/mage---e05_CONFIG): failed to open stream: Permission denied in /var/www/html/final/vendor/colinmollenhour/cache-backend-file/File.php on line 663
[16-Jul-2018 03:09:09 UTC] PHP Warning:  file_put_contents(/var/www/html/final/var/cache//mage-tags/mage---e05_MAGE): failed to open stream: Permission denied in /var/www/html/final/vendor/colinmollenhour/cache-backend-file/File.php on line 663
[16-Jul-2018 03:09:09 UTC] PHP Warning:  fopen(/var/www/html/final/var/cache//mage-tags/mage---e05_CONFIG_SCOPES): failed to open stream: Permission denied in /var/www/html/final/vendor/colinmollenhour/cache-backend-file/File.php on line 646
[16-Jul-2018 03:09:09 UTC] PHP Warning:  fopen(/var/www/html/final/var/cache//mage-tags/mage---e05_CONFIG): failed to open stream: Permission denied in /var/www/html/final/vendor/colinmollenhour/cache-backend-file/File.php on line 646
[16-Jul-2018 03:09:09 UTC] PHP Warning:  fopen(/var/www/html/final/var/cache//mage-tags/mage---e05_MAGE): failed to open stream: Permission denied in /var/www/html/final/vendor/colinmollenhour/cache-backend-file/File.php on line 646
[16-Jul-2018 03:09:09 UTC] PHP Warning:  file_put_contents(/var/www/html/final/var/cache//mage-tags/mage---e05_CONFIG_SCOPES): failed to open stream: Permission denied in /var/www/html/final/vendor/colinmollenhour/cache-backend-file/File.php on line 663
[16-Jul-2018 03:09:09 UTC] PHP Warning:  file_put_contents(/var/www/html/final/var/cache//mage-tags/mage---e05_CONFIG): failed to open stream: Permission denied in /var/www/html/final/vendor/colinmollenhour/cache-backend-file/File.php on line 663
[16-Jul-2018 03:09:09 UTC] PHP Warning:  file_put_contents(/var/www/html/final/var/cache//mage-tags/mage---e05_MAGE): failed to open stream: Permission denied in /var/www/html/final/vendor/colinmollenhour/cache-backend-file/File.php on line 663
[16-Jul-2018 03:09:09 UTC] PHP Warning:  fopen(/var/www/html/final/var/cache//mage-tags/mage---e05_CONFIG_SCOPES): failed to open stream: Permission denied in /var/www/html/final/vendor/colinmollenhour/cache-backend-file/File.php on line 646
[16-Jul-2018 03:09:09 UTC] PHP Warning:  fopen(/var/www/html/final/var/cache//mage-tags/mage---e05_CONFIG): failed to open stream: Permission denied in /var/www/html/final/vendor/colinmollenhour/cache-backend-file/File.php on line 646
[16-Jul-2018 03:09:09 UTC] PHP Warning:  fopen(/var/www/html/final/var/cache//mage-tags/mage---e05_MAGE): failed to open stream: Permission denied in /var/www/html/final/vendor/colinmollenhour/cache-backend-file/File.php on line 646
[16-Jul-2018 03:09:09 UTC] PHP Warning:  file_put_contents(/var/www/html/final/var/cache//mage-tags/mage---e05_CONFIG_SCOPES): failed to open stream: Permission denied in /var/www/html/final/vendor/colinmollenhour/cache-backend-file/File.php on line 663
[16-Jul-2018 03:09:09 UTC] PHP Warning:  file_put_contents(/var/www/html/final/var/cache//mage-tags/mage---e05_CONFIG): failed to open stream: Permission denied in /var/www/html/final/vendor/colinmollenhour/cache-backend-file/File.php on line 663
[16-Jul-2018 03:09:09 UTC] PHP Warning:  file_put_contents(/var/www/html/final/var/cache//mage-tags/mage---e05_MAGE): failed to open stream: Permission denied in /var/www/html/final/vendor/colinmollenhour/cache-backend-file/File.php on line 663
[16-Jul-2018 03:09:09 UTC] PHP Warning:  fopen(/var/www/html/final/var/cache//mage-tags/mage---e05_CONFIG_SCOPES): failed to open stream: Permission denied in /var/www/html/final/vendor/colinmollenhour/cache-backend-file/File.php on line 646
[16-Jul-2018 03:09:09 UTC] PHP Warning:  fopen(/var/www/html/final/var/cache//mage-tags/mage---e05_CONFIG): failed to open stream: Permission denied in /var/www/html/final/vendor/colinmollenhour/cache-backend-file/File.php on line 646
[16-Jul-2018 03:09:09 UTC] PHP Warning:  fopen(/var/www/html/final/var/cache//mage-tags/mage---e05_MAGE): failed to open stream: Permission denied in /var/www/html/final/vendor/colinmollenhour/cache-backend-file/File.php on line 646
[17-Jul-2018 04:12:15 UTC] PHP Fatal error:  Uncaught Error: Call to a member function getParentItem() on null in /var/www/html/final/app/code/DebugTraceModule/DTrace/Observer/CustomPrice.php:15
Stack trace:
#0 /var/www/html/final/vendor/magento/framework/Event/Invoker/InvokerDefault.php(72): DebugTraceModule\DTrace\Observer\CustomPrice->execute(Object(Magento\Framework\Event\Observer))
#1 /var/www/html/final/vendor/magento/framework/Event/Invoker/InvokerDefault.php(60): Magento\Framework\Event\Invoker\InvokerDefault->_callObserverMethod(Object(DebugTraceModule\DTrace\Observer\CustomPrice), Object(Magento\Framework\Event\Observer))
#2 /var/www/html/final/vendor/magento/framework/Event/Manager.php(66): Magento\Framework\Event\Invoker\InvokerDefault->dispatch(Array, Object(Magento\Framework\Event\Observer))
#3 /var/www/html/final/generated/code/Magento/Framework/Event/Manager/Proxy.php(95): Magento\Framework\Event\Manager->dispatch('customer_login', Array)
#4 /var/www/html/final/vendor/magento/module-customer/Model/Session.php(435): Magento\Framework\Even in /var/www/html/final/app/code/DebugTraceModule/DTrace/Observer/CustomPrice.php on line 15
